{"/Users/horidaisuke/open_replit_agent/backend/src/controllers/chat.controller.ts": {"path":"/Users/horidaisuke/open_replit_agent/backend/src/controllers/chat.controller.ts","statementMap":{"0":{"start":{"line":2,"column":0},"end":{"line":2,"column":34}},"1":{"start":{"line":3,"column":0},"end":{"line":3,"column":71}},"2":{"start":{"line":4,"column":0},"end":{"line":4,"column":62}},"3":{"start":{"line":6,"column":0},"end":{"line":6,"column":24}},"4":{"start":{"line":10,"column":13},"end":{"line":35,"column":2}},"5":{"start":{"line":12,"column":26},"end":{"line":12,"column":36}},"6":{"start":{"line":13,"column":19},"end":{"line":13,"column":31}},"7":{"start":{"line":15,"column":4},"end":{"line":17,"column":5}},"8":{"start":{"line":16,"column":6},"end":{"line":16,"column":48}},"9":{"start":{"line":20,"column":21},"end":{"line":28,"column":6}},"10":{"start":{"line":30,"column":4},"end":{"line":33,"column":7}},"11":{"start":{"line":38,"column":13},"end":{"line":124,"column":2}},"12":{"start":{"line":40,"column":26},"end":{"line":40,"column":36}},"13":{"start":{"line":41,"column":24},"end":{"line":41,"column":32}},"14":{"start":{"line":42,"column":19},"end":{"line":42,"column":31}},"15":{"start":{"line":44,"column":4},"end":{"line":46,"column":5}},"16":{"start":{"line":45,"column":6},"end":{"line":45,"column":48}},"17":{"start":{"line":49,"column":20},"end":{"line":51,"column":6}},"18":{"start":{"line":53,"column":4},"end":{"line":55,"column":5}},"19":{"start":{"line":54,"column":6},"end":{"line":54,"column":55}},"20":{"start":{"line":58,"column":24},"end":{"line":65,"column":6}},"21":{"start":{"line":68,"column":18},"end":{"line":76,"column":6}},"22":{"start":{"line":79,"column":4},"end":{"line":122,"column":5}},"23":{"start":{"line":81,"column":22},"end":{"line":89,"column":8}},"24":{"start":{"line":85,"column":34},"end":{"line":88,"column":10}},"25":{"start":{"line":92,"column":25},"end":{"line":92,"column":75}},"26":{"start":{"line":95,"column":31},"end":{"line":102,"column":8}},"27":{"start":{"line":104,"column":6},"end":{"line":107,"column":9}},"28":{"start":{"line":109,"column":6},"end":{"line":109,"column":60}},"29":{"start":{"line":112,"column":6},"end":{"line":119,"column":9}},"30":{"start":{"line":121,"column":6},"end":{"line":121,"column":63}},"31":{"start":{"line":127,"column":13},"end":{"line":184,"column":2}},"32":{"start":{"line":129,"column":26},"end":{"line":129,"column":36}},"33":{"start":{"line":130,"column":44},"end":{"line":130,"column":52}},"34":{"start":{"line":131,"column":19},"end":{"line":131,"column":31}},"35":{"start":{"line":133,"column":4},"end":{"line":135,"column":5}},"36":{"start":{"line":134,"column":6},"end":{"line":134,"column":48}},"37":{"start":{"line":138,"column":20},"end":{"line":140,"column":6}},"38":{"start":{"line":142,"column":4},"end":{"line":144,"column":5}},"39":{"start":{"line":143,"column":6},"end":{"line":143,"column":55}},"40":{"start":{"line":147,"column":18},"end":{"line":155,"column":6}},"41":{"start":{"line":158,"column":4},"end":{"line":182,"column":5}},"42":{"start":{"line":160,"column":22},"end":{"line":170,"column":8}},"43":{"start":{"line":164,"column":34},"end":{"line":167,"column":10}},"44":{"start":{"line":173,"column":28},"end":{"line":173,"column":77}},"45":{"start":{"line":175,"column":6},"end":{"line":178,"column":9}},"46":{"start":{"line":180,"column":6},"end":{"line":180,"column":53}},"47":{"start":{"line":181,"column":6},"end":{"line":181,"column":58}},"48":{"start":{"line":187,"column":13},"end":{"line":220,"column":2}},"49":{"start":{"line":189,"column":26},"end":{"line":189,"column":36}},"50":{"start":{"line":190,"column":35},"end":{"line":190,"column":43}},"51":{"start":{"line":191,"column":19},"end":{"line":191,"column":31}},"52":{"start":{"line":193,"column":4},"end":{"line":195,"column":5}},"53":{"start":{"line":194,"column":6},"end":{"line":194,"column":48}},"54":{"start":{"line":198,"column":20},"end":{"line":200,"column":6}},"55":{"start":{"line":202,"column":4},"end":{"line":204,"column":5}},"56":{"start":{"line":203,"column":6},"end":{"line":203,"column":55}},"57":{"start":{"line":207,"column":4},"end":{"line":218,"column":5}},"58":{"start":{"line":209,"column":27},"end":{"line":209,"column":78}},"59":{"start":{"line":211,"column":6},"end":{"line":214,"column":9}},"60":{"start":{"line":216,"column":6},"end":{"line":216,"column":54}},"61":{"start":{"line":217,"column":6},"end":{"line":217,"column":58}},"62":{"start":{"line":223,"column":13},"end":{"line":336,"column":2}},"63":{"start":{"line":225,"column":26},"end":{"line":225,"column":36}},"64":{"start":{"line":226,"column":37},"end":{"line":226,"column":45}},"65":{"start":{"line":227,"column":19},"end":{"line":227,"column":31}},"66":{"start":{"line":229,"column":4},"end":{"line":231,"column":5}},"67":{"start":{"line":230,"column":6},"end":{"line":230,"column":48}},"68":{"start":{"line":234,"column":20},"end":{"line":236,"column":6}},"69":{"start":{"line":238,"column":4},"end":{"line":240,"column":5}},"70":{"start":{"line":239,"column":6},"end":{"line":239,"column":55}},"71":{"start":{"line":242,"column":4},"end":{"line":334,"column":5}},"72":{"start":{"line":244,"column":23},"end":{"line":244,"column":31}},"73":{"start":{"line":245,"column":6},"end":{"line":255,"column":7}},"74":{"start":{"line":247,"column":30},"end":{"line":248,"column":78}},"75":{"start":{"line":250,"column":8},"end":{"line":254,"column":9}},"76":{"start":{"line":251,"column":10},"end":{"line":251,"column":47}},"77":{"start":{"line":253,"column":10},"end":{"line":253,"column":61}},"78":{"start":{"line":258,"column":6},"end":{"line":258,"column":78}},"79":{"start":{"line":261,"column":24},"end":{"line":266,"column":8}},"80":{"start":{"line":268,"column":6},"end":{"line":321,"column":7}},"81":{"start":{"line":270,"column":8},"end":{"line":276,"column":11}},"82":{"start":{"line":279,"column":25},"end":{"line":279,"column":50}},"83":{"start":{"line":280,"column":24},"end":{"line":280,"column":48}},"84":{"start":{"line":283,"column":38},"end":{"line":283,"column":42}},"85":{"start":{"line":284,"column":8},"end":{"line":308,"column":9}},"86":{"start":{"line":285,"column":28},"end":{"line":291,"column":12}},"87":{"start":{"line":293,"column":10},"end":{"line":307,"column":11}},"88":{"start":{"line":295,"column":27},"end":{"line":303,"column":14}},"89":{"start":{"line":304,"column":12},"end":{"line":304,"column":33}},"90":{"start":{"line":306,"column":12},"end":{"line":306,"column":36}},"91":{"start":{"line":311,"column":8},"end":{"line":320,"column":11}},"92":{"start":{"line":323,"column":6},"end":{"line":330,"column":9}},"93":{"start":{"line":332,"column":6},"end":{"line":332,"column":54}},"94":{"start":{"line":333,"column":6},"end":{"line":333,"column":58}}},"fnMap":{"0":{"name":"(anonymous_1)","decl":{"start":{"line":11,"column":2},"end":{"line":11,"column":7}},"loc":{"start":{"line":11,"column":60},"end":{"line":34,"column":3}}},"1":{"name":"(anonymous_2)","decl":{"start":{"line":39,"column":2},"end":{"line":39,"column":7}},"loc":{"start":{"line":39,"column":60},"end":{"line":123,"column":3}}},"2":{"name":"(anonymous_3)","decl":{"start":{"line":85,"column":25},"end":{"line":85,"column":29}},"loc":{"start":{"line":85,"column":34},"end":{"line":88,"column":10}}},"3":{"name":"(anonymous_4)","decl":{"start":{"line":128,"column":2},"end":{"line":128,"column":7}},"loc":{"start":{"line":128,"column":60},"end":{"line":183,"column":3}}},"4":{"name":"(anonymous_5)","decl":{"start":{"line":164,"column":25},"end":{"line":164,"column":29}},"loc":{"start":{"line":164,"column":34},"end":{"line":167,"column":10}}},"5":{"name":"(anonymous_6)","decl":{"start":{"line":188,"column":2},"end":{"line":188,"column":7}},"loc":{"start":{"line":188,"column":60},"end":{"line":219,"column":3}}},"6":{"name":"(anonymous_7)","decl":{"start":{"line":224,"column":2},"end":{"line":224,"column":7}},"loc":{"start":{"line":224,"column":60},"end":{"line":335,"column":3}}}},"branchMap":{"0":{"loc":{"start":{"line":15,"column":4},"end":{"line":17,"column":5}},"type":"if","locations":[{"start":{"line":15,"column":4},"end":{"line":17,"column":5}}]},"1":{"loc":{"start":{"line":44,"column":4},"end":{"line":46,"column":5}},"type":"if","locations":[{"start":{"line":44,"column":4},"end":{"line":46,"column":5}}]},"2":{"loc":{"start":{"line":53,"column":4},"end":{"line":55,"column":5}},"type":"if","locations":[{"start":{"line":53,"column":4},"end":{"line":55,"column":5}}]},"3":{"loc":{"start":{"line":84,"column":28},"end":{"line":84,"column":60}},"type":"binary-expr","locations":[{"start":{"line":84,"column":28},"end":{"line":84,"column":47}},{"start":{"line":84,"column":51},"end":{"line":84,"column":60}}]},"4":{"loc":{"start":{"line":133,"column":4},"end":{"line":135,"column":5}},"type":"if","locations":[{"start":{"line":133,"column":4},"end":{"line":135,"column":5}}]},"5":{"loc":{"start":{"line":142,"column":4},"end":{"line":144,"column":5}},"type":"if","locations":[{"start":{"line":142,"column":4},"end":{"line":144,"column":5}}]},"6":{"loc":{"start":{"line":163,"column":28},"end":{"line":163,"column":60}},"type":"binary-expr","locations":[{"start":{"line":163,"column":28},"end":{"line":163,"column":47}},{"start":{"line":163,"column":51},"end":{"line":163,"column":60}}]},"7":{"loc":{"start":{"line":193,"column":4},"end":{"line":195,"column":5}},"type":"if","locations":[{"start":{"line":193,"column":4},"end":{"line":195,"column":5}}]},"8":{"loc":{"start":{"line":202,"column":4},"end":{"line":204,"column":5}},"type":"if","locations":[{"start":{"line":202,"column":4},"end":{"line":204,"column":5}}]},"9":{"loc":{"start":{"line":229,"column":4},"end":{"line":231,"column":5}},"type":"if","locations":[{"start":{"line":229,"column":4},"end":{"line":231,"column":5}}]},"10":{"loc":{"start":{"line":238,"column":4},"end":{"line":240,"column":5}},"type":"if","locations":[{"start":{"line":238,"column":4},"end":{"line":240,"column":5}}]},"11":{"loc":{"start":{"line":245,"column":6},"end":{"line":255,"column":7}},"type":"if","locations":[{"start":{"line":245,"column":6},"end":{"line":255,"column":7}}]},"12":{"loc":{"start":{"line":247,"column":30},"end":{"line":248,"column":78}},"type":"binary-expr","locations":[{"start":{"line":247,"column":30},"end":{"line":247,"column":72}},{"start":{"line":248,"column":29},"end":{"line":248,"column":78}}]},"13":{"loc":{"start":{"line":250,"column":8},"end":{"line":254,"column":9}},"type":"if","locations":[{"start":{"line":250,"column":8},"end":{"line":254,"column":9}},{"start":{"line":252,"column":15},"end":{"line":254,"column":9}}]},"14":{"loc":{"start":{"line":250,"column":12},"end":{"line":250,"column":45}},"type":"binary-expr","locations":[{"start":{"line":250,"column":12},"end":{"line":250,"column":25}},{"start":{"line":250,"column":29},"end":{"line":250,"column":45}}]},"15":{"loc":{"start":{"line":258,"column":19},"end":{"line":258,"column":77}},"type":"cond-expr","locations":[{"start":{"line":258,"column":48},"end":{"line":258,"column":58}},{"start":{"line":258,"column":61},"end":{"line":258,"column":77}}]},"16":{"loc":{"start":{"line":268,"column":6},"end":{"line":321,"column":7}},"type":"if","locations":[{"start":{"line":268,"column":6},"end":{"line":321,"column":7}},{"start":{"line":277,"column":13},"end":{"line":321,"column":7}}]},"17":{"loc":{"start":{"line":284,"column":8},"end":{"line":308,"column":9}},"type":"if","locations":[{"start":{"line":284,"column":8},"end":{"line":308,"column":9}}]},"18":{"loc":{"start":{"line":293,"column":10},"end":{"line":307,"column":11}},"type":"if","locations":[{"start":{"line":293,"column":10},"end":{"line":307,"column":11}},{"start":{"line":305,"column":17},"end":{"line":307,"column":11}}]}},"s":{"0":0,"1":0,"2":0,"3":0,"4":0,"5":0,"6":0,"7":0,"8":0,"9":0,"10":0,"11":0,"12":0,"13":0,"14":0,"15":0,"16":0,"17":0,"18":0,"19":0,"20":0,"21":0,"22":0,"23":0,"24":0,"25":0,"26":0,"27":0,"28":0,"29":0,"30":0,"31":0,"32":0,"33":0,"34":0,"35":0,"36":0,"37":0,"38":0,"39":0,"40":0,"41":0,"42":0,"43":0,"44":0,"45":0,"46":0,"47":0,"48":0,"49":0,"50":0,"51":0,"52":0,"53":0,"54":0,"55":0,"56":0,"57":0,"58":0,"59":0,"60":0,"61":0,"62":0,"63":0,"64":0,"65":0,"66":0,"67":0,"68":0,"69":0,"70":0,"71":0,"72":0,"73":0,"74":0,"75":0,"76":0,"77":0,"78":0,"79":0,"80":0,"81":0,"82":0,"83":0,"84":0,"85":0,"86":0,"87":0,"88":0,"89":0,"90":0,"91":0,"92":0,"93":0,"94":0},"f":{"0":0,"1":0,"2":0,"3":0,"4":0,"5":0,"6":0},"b":{"0":[0],"1":[0],"2":[0],"3":[0,0],"4":[0],"5":[0],"6":[0,0],"7":[0],"8":[0],"9":[0],"10":[0],"11":[0],"12":[0,0],"13":[0,0],"14":[0,0],"15":[0,0],"16":[0,0],"17":[0],"18":[0,0]}}
,"/Users/horidaisuke/open_replit_agent/backend/src/controllers/deploy.controller.ts": {"path":"/Users/horidaisuke/open_replit_agent/backend/src/controllers/deploy.controller.ts","statementMap":{"0":{"start":{"line":2,"column":0},"end":{"line":2,"column":34}},"1":{"start":{"line":3,"column":0},"end":{"line":3,"column":71}},"2":{"start":{"line":4,"column":0},"end":{"line":4,"column":72}},"3":{"start":{"line":7,"column":13},"end":{"line":53,"column":2}},"4":{"start":{"line":9,"column":26},"end":{"line":9,"column":36}},"5":{"start":{"line":10,"column":19},"end":{"line":10,"column":31}},"6":{"start":{"line":12,"column":4},"end":{"line":14,"column":5}},"7":{"start":{"line":13,"column":6},"end":{"line":13,"column":48}},"8":{"start":{"line":17,"column":20},"end":{"line":19,"column":6}},"9":{"start":{"line":21,"column":4},"end":{"line":23,"column":5}},"10":{"start":{"line":22,"column":6},"end":{"line":22,"column":55}},"11":{"start":{"line":26,"column":4},"end":{"line":31,"column":7}},"12":{"start":{"line":33,"column":4},"end":{"line":51,"column":5}},"13":{"start":{"line":35,"column":31},"end":{"line":35,"column":81}},"14":{"start":{"line":37,"column":6},"end":{"line":40,"column":9}},"15":{"start":{"line":43,"column":6},"end":{"line":48,"column":9}},"16":{"start":{"line":50,"column":6},"end":{"line":50,"column":57}},"17":{"start":{"line":56,"column":13},"end":{"line":90,"column":2}},"18":{"start":{"line":58,"column":40},"end":{"line":58,"column":50}},"19":{"start":{"line":59,"column":19},"end":{"line":59,"column":31}},"20":{"start":{"line":61,"column":4},"end":{"line":63,"column":5}},"21":{"start":{"line":62,"column":6},"end":{"line":62,"column":48}},"22":{"start":{"line":66,"column":23},"end":{"line":68,"column":6}},"23":{"start":{"line":70,"column":4},"end":{"line":72,"column":5}},"24":{"start":{"line":71,"column":6},"end":{"line":71,"column":56}},"25":{"start":{"line":75,"column":4},"end":{"line":77,"column":5}},"26":{"start":{"line":76,"column":6},"end":{"line":76,"column":64}},"27":{"start":{"line":79,"column":4},"end":{"line":88,"column":7}},"28":{"start":{"line":93,"column":13},"end":{"line":121,"column":2}},"29":{"start":{"line":95,"column":40},"end":{"line":95,"column":50}},"30":{"start":{"line":96,"column":19},"end":{"line":96,"column":31}},"31":{"start":{"line":98,"column":4},"end":{"line":100,"column":5}},"32":{"start":{"line":99,"column":6},"end":{"line":99,"column":48}},"33":{"start":{"line":103,"column":23},"end":{"line":105,"column":6}},"34":{"start":{"line":107,"column":4},"end":{"line":109,"column":5}},"35":{"start":{"line":108,"column":6},"end":{"line":108,"column":56}},"36":{"start":{"line":112,"column":4},"end":{"line":114,"column":5}},"37":{"start":{"line":113,"column":6},"end":{"line":113,"column":64}},"38":{"start":{"line":116,"column":4},"end":{"line":119,"column":7}},"39":{"start":{"line":124,"column":13},"end":{"line":161,"column":2}},"40":{"start":{"line":126,"column":26},"end":{"line":126,"column":36}},"41":{"start":{"line":127,"column":19},"end":{"line":127,"column":31}},"42":{"start":{"line":129,"column":4},"end":{"line":131,"column":5}},"43":{"start":{"line":130,"column":6},"end":{"line":130,"column":48}},"44":{"start":{"line":134,"column":20},"end":{"line":136,"column":6}},"45":{"start":{"line":138,"column":4},"end":{"line":140,"column":5}},"46":{"start":{"line":139,"column":6},"end":{"line":139,"column":55}},"47":{"start":{"line":143,"column":24},"end":{"line":153,"column":6}},"48":{"start":{"line":155,"column":4},"end":{"line":159,"column":7}}},"fnMap":{"0":{"name":"(anonymous_0)","decl":{"start":{"line":8,"column":2},"end":{"line":8,"column":7}},"loc":{"start":{"line":8,"column":60},"end":{"line":52,"column":3}}},"1":{"name":"(anonymous_1)","decl":{"start":{"line":57,"column":2},"end":{"line":57,"column":7}},"loc":{"start":{"line":57,"column":60},"end":{"line":89,"column":3}}},"2":{"name":"(anonymous_2)","decl":{"start":{"line":94,"column":2},"end":{"line":94,"column":7}},"loc":{"start":{"line":94,"column":60},"end":{"line":120,"column":3}}},"3":{"name":"(anonymous_3)","decl":{"start":{"line":125,"column":2},"end":{"line":125,"column":7}},"loc":{"start":{"line":125,"column":60},"end":{"line":160,"column":3}}}},"branchMap":{"0":{"loc":{"start":{"line":12,"column":4},"end":{"line":14,"column":5}},"type":"if","locations":[{"start":{"line":12,"column":4},"end":{"line":14,"column":5}}]},"1":{"loc":{"start":{"line":21,"column":4},"end":{"line":23,"column":5}},"type":"if","locations":[{"start":{"line":21,"column":4},"end":{"line":23,"column":5}}]},"2":{"loc":{"start":{"line":61,"column":4},"end":{"line":63,"column":5}},"type":"if","locations":[{"start":{"line":61,"column":4},"end":{"line":63,"column":5}}]},"3":{"loc":{"start":{"line":70,"column":4},"end":{"line":72,"column":5}},"type":"if","locations":[{"start":{"line":70,"column":4},"end":{"line":72,"column":5}}]},"4":{"loc":{"start":{"line":75,"column":4},"end":{"line":77,"column":5}},"type":"if","locations":[{"start":{"line":75,"column":4},"end":{"line":77,"column":5}}]},"5":{"loc":{"start":{"line":98,"column":4},"end":{"line":100,"column":5}},"type":"if","locations":[{"start":{"line":98,"column":4},"end":{"line":100,"column":5}}]},"6":{"loc":{"start":{"line":107,"column":4},"end":{"line":109,"column":5}},"type":"if","locations":[{"start":{"line":107,"column":4},"end":{"line":109,"column":5}}]},"7":{"loc":{"start":{"line":112,"column":4},"end":{"line":114,"column":5}},"type":"if","locations":[{"start":{"line":112,"column":4},"end":{"line":114,"column":5}}]},"8":{"loc":{"start":{"line":118,"column":12},"end":{"line":118,"column":33}},"type":"binary-expr","locations":[{"start":{"line":118,"column":12},"end":{"line":118,"column":27}},{"start":{"line":118,"column":31},"end":{"line":118,"column":33}}]},"9":{"loc":{"start":{"line":129,"column":4},"end":{"line":131,"column":5}},"type":"if","locations":[{"start":{"line":129,"column":4},"end":{"line":131,"column":5}}]},"10":{"loc":{"start":{"line":138,"column":4},"end":{"line":140,"column":5}},"type":"if","locations":[{"start":{"line":138,"column":4},"end":{"line":140,"column":5}}]}},"s":{"0":0,"1":0,"2":0,"3":0,"4":0,"5":0,"6":0,"7":0,"8":0,"9":0,"10":0,"11":0,"12":0,"13":0,"14":0,"15":0,"16":0,"17":0,"18":0,"19":0,"20":0,"21":0,"22":0,"23":0,"24":0,"25":0,"26":0,"27":0,"28":0,"29":0,"30":0,"31":0,"32":0,"33":0,"34":0,"35":0,"36":0,"37":0,"38":0,"39":0,"40":0,"41":0,"42":0,"43":0,"44":0,"45":0,"46":0,"47":0,"48":0},"f":{"0":0,"1":0,"2":0,"3":0},"b":{"0":[0],"1":[0],"2":[0],"3":[0],"4":[0],"5":[0],"6":[0],"7":[0],"8":[0,0],"9":[0],"10":[0]}}
,"/Users/horidaisuke/open_replit_agent/backend/src/controllers/github.controller.ts": {"path":"/Users/horidaisuke/open_replit_agent/backend/src/controllers/github.controller.ts","statementMap":{"0":{"start":{"line":2,"column":0},"end":{"line":2,"column":26}},"1":{"start":{"line":4,"column":0},"end":{"line":4,"column":71}},"2":{"start":{"line":5,"column":0},"end":{"line":5,"column":66}},"3":{"start":{"line":8,"column":13},"end":{"line":45,"column":2}},"4":{"start":{"line":10,"column":21},"end":{"line":10,"column":30}},"5":{"start":{"line":12,"column":4},"end":{"line":14,"column":5}},"6":{"start":{"line":13,"column":6},"end":{"line":13,"column":52}},"7":{"start":{"line":16,"column":4},"end":{"line":43,"column":5}},"8":{"start":{"line":18,"column":28},"end":{"line":29,"column":null}},"9":{"start":{"line":32,"column":31},"end":{"line":32,"column":49}},"10":{"start":{"line":34,"column":6},"end":{"line":36,"column":7}},"11":{"start":{"line":35,"column":8},"end":{"line":35,"column":61}},"12":{"start":{"line":39,"column":6},"end":{"line":39,"column":88}},"13":{"start":{"line":41,"column":6},"end":{"line":41,"column":49}},"14":{"start":{"line":42,"column":6},"end":{"line":42,"column":61}},"15":{"start":{"line":48,"column":13},"end":{"line":91,"column":2}},"16":{"start":{"line":50,"column":22},"end":{"line":50,"column":30}},"17":{"start":{"line":51,"column":19},"end":{"line":51,"column":31}},"18":{"start":{"line":53,"column":4},"end":{"line":55,"column":5}},"19":{"start":{"line":54,"column":6},"end":{"line":54,"column":48}},"20":{"start":{"line":57,"column":4},"end":{"line":59,"column":5}},"21":{"start":{"line":58,"column":6},"end":{"line":58,"column":50}},"22":{"start":{"line":61,"column":4},"end":{"line":89,"column":5}},"23":{"start":{"line":63,"column":25},"end":{"line":63,"column":63}},"24":{"start":{"line":81,"column":6},"end":{"line":85,"column":9}},"25":{"start":{"line":87,"column":6},"end":{"line":87,"column":55}},"26":{"start":{"line":88,"column":6},"end":{"line":88,"column":66}},"27":{"start":{"line":94,"column":13},"end":{"line":133,"column":2}},"28":{"start":{"line":96,"column":19},"end":{"line":96,"column":31}},"29":{"start":{"line":98,"column":4},"end":{"line":100,"column":5}},"30":{"start":{"line":99,"column":6},"end":{"line":99,"column":48}},"31":{"start":{"line":102,"column":4},"end":{"line":131,"column":5}},"32":{"start":{"line":120,"column":26},"end":{"line":120,"column":31}},"33":{"start":{"line":121,"column":29},"end":{"line":121,"column":33}},"34":{"start":{"line":123,"column":6},"end":{"line":127,"column":9}},"35":{"start":{"line":129,"column":6},"end":{"line":129,"column":56}},"36":{"start":{"line":130,"column":6},"end":{"line":130,"column":66}},"37":{"start":{"line":136,"column":13},"end":{"line":200,"column":2}},"38":{"start":{"line":138,"column":26},"end":{"line":138,"column":36}},"39":{"start":{"line":139,"column":36},"end":{"line":139,"column":44}},"40":{"start":{"line":140,"column":19},"end":{"line":140,"column":31}},"41":{"start":{"line":142,"column":4},"end":{"line":144,"column":5}},"42":{"start":{"line":143,"column":6},"end":{"line":143,"column":48}},"43":{"start":{"line":146,"column":4},"end":{"line":198,"column":5}},"44":{"start":{"line":166,"column":6},"end":{"line":166,"column":57}},"45":{"start":{"line":196,"column":6},"end":{"line":196,"column":49}},"46":{"start":{"line":197,"column":6},"end":{"line":197,"column":63}},"47":{"start":{"line":203,"column":13},"end":{"line":262,"column":2}},"48":{"start":{"line":205,"column":19},"end":{"line":205,"column":31}},"49":{"start":{"line":207,"column":4},"end":{"line":209,"column":5}},"50":{"start":{"line":208,"column":6},"end":{"line":208,"column":48}},"51":{"start":{"line":211,"column":4},"end":{"line":260,"column":5}},"52":{"start":{"line":251,"column":34},"end":{"line":251,"column":36}},"53":{"start":{"line":253,"column":6},"end":{"line":256,"column":9}},"54":{"start":{"line":258,"column":6},"end":{"line":258,"column":57}},"55":{"start":{"line":259,"column":6},"end":{"line":259,"column":67}},"56":{"start":{"line":265,"column":13},"end":{"line":344,"column":2}},"57":{"start":{"line":267,"column":26},"end":{"line":267,"column":36}},"58":{"start":{"line":268,"column":43},"end":{"line":268,"column":51}},"59":{"start":{"line":269,"column":19},"end":{"line":269,"column":31}},"60":{"start":{"line":271,"column":4},"end":{"line":273,"column":5}},"61":{"start":{"line":272,"column":6},"end":{"line":272,"column":48}},"62":{"start":{"line":275,"column":4},"end":{"line":342,"column":5}},"63":{"start":{"line":330,"column":6},"end":{"line":330,"column":57}},"64":{"start":{"line":340,"column":6},"end":{"line":340,"column":57}},"65":{"start":{"line":341,"column":6},"end":{"line":341,"column":69}}},"fnMap":{"0":{"name":"(anonymous_1)","decl":{"start":{"line":9,"column":2},"end":{"line":9,"column":7}},"loc":{"start":{"line":9,"column":60},"end":{"line":44,"column":3}}},"1":{"name":"(anonymous_2)","decl":{"start":{"line":49,"column":2},"end":{"line":49,"column":7}},"loc":{"start":{"line":49,"column":60},"end":{"line":90,"column":3}}},"2":{"name":"(anonymous_3)","decl":{"start":{"line":95,"column":2},"end":{"line":95,"column":7}},"loc":{"start":{"line":95,"column":60},"end":{"line":132,"column":3}}},"3":{"name":"(anonymous_4)","decl":{"start":{"line":137,"column":2},"end":{"line":137,"column":7}},"loc":{"start":{"line":137,"column":60},"end":{"line":199,"column":3}}},"4":{"name":"(anonymous_5)","decl":{"start":{"line":204,"column":2},"end":{"line":204,"column":7}},"loc":{"start":{"line":204,"column":60},"end":{"line":261,"column":3}}},"5":{"name":"(anonymous_6)","decl":{"start":{"line":266,"column":2},"end":{"line":266,"column":7}},"loc":{"start":{"line":266,"column":60},"end":{"line":343,"column":3}}}},"branchMap":{"0":{"loc":{"start":{"line":12,"column":4},"end":{"line":14,"column":5}},"type":"if","locations":[{"start":{"line":12,"column":4},"end":{"line":14,"column":5}}]},"1":{"loc":{"start":{"line":34,"column":6},"end":{"line":36,"column":7}},"type":"if","locations":[{"start":{"line":34,"column":6},"end":{"line":36,"column":7}}]},"2":{"loc":{"start":{"line":53,"column":4},"end":{"line":55,"column":5}},"type":"if","locations":[{"start":{"line":53,"column":4},"end":{"line":55,"column":5}}]},"3":{"loc":{"start":{"line":57,"column":4},"end":{"line":59,"column":5}},"type":"if","locations":[{"start":{"line":57,"column":4},"end":{"line":59,"column":5}}]},"4":{"loc":{"start":{"line":98,"column":4},"end":{"line":100,"column":5}},"type":"if","locations":[{"start":{"line":98,"column":4},"end":{"line":100,"column":5}}]},"5":{"loc":{"start":{"line":142,"column":4},"end":{"line":144,"column":5}},"type":"if","locations":[{"start":{"line":142,"column":4},"end":{"line":144,"column":5}}]},"6":{"loc":{"start":{"line":207,"column":4},"end":{"line":209,"column":5}},"type":"if","locations":[{"start":{"line":207,"column":4},"end":{"line":209,"column":5}}]},"7":{"loc":{"start":{"line":271,"column":4},"end":{"line":273,"column":5}},"type":"if","locations":[{"start":{"line":271,"column":4},"end":{"line":273,"column":5}}]}},"s":{"0":0,"1":0,"2":0,"3":0,"4":0,"5":0,"6":0,"7":0,"8":0,"9":0,"10":0,"11":0,"12":0,"13":0,"14":0,"15":0,"16":0,"17":0,"18":0,"19":0,"20":0,"21":0,"22":0,"23":0,"24":0,"25":0,"26":0,"27":0,"28":0,"29":0,"30":0,"31":0,"32":0,"33":0,"34":0,"35":0,"36":0,"37":0,"38":0,"39":0,"40":0,"41":0,"42":0,"43":0,"44":0,"45":0,"46":0,"47":0,"48":0,"49":0,"50":0,"51":0,"52":0,"53":0,"54":0,"55":0,"56":0,"57":0,"58":0,"59":0,"60":0,"61":0,"62":0,"63":0,"64":0,"65":0},"f":{"0":0,"1":0,"2":0,"3":0,"4":0,"5":0},"b":{"0":[0],"1":[0],"2":[0],"3":[0],"4":[0],"5":[0],"6":[0],"7":[0]}}
,"/Users/horidaisuke/open_replit_agent/backend/src/controllers/project.controller.ts": {"path":"/Users/horidaisuke/open_replit_agent/backend/src/controllers/project.controller.ts","statementMap":{"0":{"start":{"line":2,"column":0},"end":{"line":2,"column":34}},"1":{"start":{"line":3,"column":0},"end":{"line":3,"column":71}},"2":{"start":{"line":7,"column":13},"end":{"line":49,"column":2}},"3":{"start":{"line":9,"column":19},"end":{"line":9,"column":31}},"4":{"start":{"line":11,"column":4},"end":{"line":13,"column":5}},"5":{"start":{"line":12,"column":6},"end":{"line":12,"column":48}},"6":{"start":{"line":16,"column":26},"end":{"line":19,"column":6}},"7":{"start":{"line":21,"column":34},"end":{"line":27,"column":6}},"8":{"start":{"line":30,"column":43},"end":{"line":34,"column":null}},"9":{"start":{"line":31,"column":19},"end":{"line":34,"column":8}},"10":{"start":{"line":38,"column":21},"end":{"line":41,"column":6}},"11":{"start":{"line":39,"column":41},"end":{"line":39,"column":70}},"12":{"start":{"line":43,"column":4},"end":{"line":47,"column":7}},"13":{"start":{"line":52,"column":13},"end":{"line":161,"column":2}},"14":{"start":{"line":54,"column":34},"end":{"line":54,"column":42}},"15":{"start":{"line":55,"column":19},"end":{"line":55,"column":31}},"16":{"start":{"line":57,"column":4},"end":{"line":59,"column":5}},"17":{"start":{"line":58,"column":6},"end":{"line":58,"column":48}},"18":{"start":{"line":62,"column":20},"end":{"line":68,"column":6}},"19":{"start":{"line":71,"column":20},"end":{"line":79,"column":6}},"20":{"start":{"line":82,"column":4},"end":{"line":106,"column":7}},"21":{"start":{"line":108,"column":4},"end":{"line":138,"column":7}},"22":{"start":{"line":140,"column":4},"end":{"line":154,"column":7}},"23":{"start":{"line":156,"column":4},"end":{"line":159,"column":7}},"24":{"start":{"line":164,"column":13},"end":{"line":191,"column":2}},"25":{"start":{"line":166,"column":26},"end":{"line":166,"column":36}},"26":{"start":{"line":169,"column":20},"end":{"line":171,"column":6}},"27":{"start":{"line":173,"column":4},"end":{"line":175,"column":5}},"28":{"start":{"line":174,"column":6},"end":{"line":174,"column":55}},"29":{"start":{"line":178,"column":18},"end":{"line":180,"column":6}},"30":{"start":{"line":183,"column":21},"end":{"line":183,"column":41}},"31":{"start":{"line":185,"column":4},"end":{"line":189,"column":7}},"32":{"start":{"line":194,"column":13},"end":{"line":213,"column":2}},"33":{"start":{"line":196,"column":26},"end":{"line":196,"column":36}},"34":{"start":{"line":197,"column":34},"end":{"line":197,"column":42}},"35":{"start":{"line":200,"column":20},"end":{"line":206,"column":6}},"36":{"start":{"line":208,"column":4},"end":{"line":211,"column":7}},"37":{"start":{"line":216,"column":13},"end":{"line":230,"column":2}},"38":{"start":{"line":218,"column":26},"end":{"line":218,"column":36}},"39":{"start":{"line":221,"column":4},"end":{"line":223,"column":7}},"40":{"start":{"line":225,"column":4},"end":{"line":228,"column":7}},"41":{"start":{"line":233,"column":13},"end":{"line":257,"column":2}},"42":{"start":{"line":235,"column":26},"end":{"line":235,"column":36}},"43":{"start":{"line":238,"column":26},"end":{"line":249,"column":6}},"44":{"start":{"line":251,"column":4},"end":{"line":255,"column":7}},"45":{"start":{"line":260,"column":13},"end":{"line":336,"column":2}},"46":{"start":{"line":262,"column":26},"end":{"line":262,"column":36}},"47":{"start":{"line":263,"column":28},"end":{"line":263,"column":36}},"48":{"start":{"line":264,"column":19},"end":{"line":264,"column":31}},"49":{"start":{"line":266,"column":4},"end":{"line":268,"column":5}},"50":{"start":{"line":267,"column":6},"end":{"line":267,"column":48}},"51":{"start":{"line":271,"column":20},"end":{"line":273,"column":6}},"52":{"start":{"line":275,"column":4},"end":{"line":277,"column":5}},"53":{"start":{"line":276,"column":6},"end":{"line":276,"column":55}},"54":{"start":{"line":279,"column":4},"end":{"line":283,"column":5}},"55":{"start":{"line":280,"column":6},"end":{"line":282,"column":8}},"56":{"start":{"line":286,"column":24},"end":{"line":288,"column":6}},"57":{"start":{"line":290,"column":4},"end":{"line":292,"column":5}},"58":{"start":{"line":291,"column":6},"end":{"line":291,"column":66}},"59":{"start":{"line":295,"column":4},"end":{"line":297,"column":5}},"60":{"start":{"line":296,"column":6},"end":{"line":296,"column":66}},"61":{"start":{"line":300,"column":33},"end":{"line":307,"column":6}},"62":{"start":{"line":309,"column":4},"end":{"line":311,"column":5}},"63":{"start":{"line":310,"column":6},"end":{"line":310,"column":57}},"64":{"start":{"line":314,"column":25},"end":{"line":329,"column":6}},"65":{"start":{"line":331,"column":4},"end":{"line":334,"column":7}},"66":{"start":{"line":339,"column":13},"end":{"line":378,"column":2}},"67":{"start":{"line":341,"column":50},"end":{"line":341,"column":60}},"68":{"start":{"line":342,"column":19},"end":{"line":342,"column":31}},"69":{"start":{"line":344,"column":4},"end":{"line":346,"column":5}},"70":{"start":{"line":345,"column":6},"end":{"line":345,"column":48}},"71":{"start":{"line":349,"column":20},"end":{"line":351,"column":6}},"72":{"start":{"line":353,"column":4},"end":{"line":355,"column":5}},"73":{"start":{"line":354,"column":6},"end":{"line":354,"column":55}},"74":{"start":{"line":357,"column":4},"end":{"line":361,"column":5}},"75":{"start":{"line":358,"column":6},"end":{"line":360,"column":8}},"76":{"start":{"line":364,"column":4},"end":{"line":371,"column":7}},"77":{"start":{"line":373,"column":4},"end":{"line":376,"column":7}},"78":{"start":{"line":382,"column":18},"end":{"line":382,"column":27}},"79":{"start":{"line":383,"column":27},"end":{"line":383,"column":29}},"80":{"start":{"line":386,"column":2},"end":{"line":388,"column":5}},"81":{"start":{"line":387,"column":4},"end":{"line":387,"column":52}},"82":{"start":{"line":391,"column":2},"end":{"line":401,"column":5}},"83":{"start":{"line":392,"column":29},"end":{"line":392,"column":49}},"84":{"start":{"line":393,"column":4},"end":{"line":400,"column":5}},"85":{"start":{"line":394,"column":21},"end":{"line":394,"column":47}},"86":{"start":{"line":395,"column":6},"end":{"line":397,"column":7}},"87":{"start":{"line":396,"column":8},"end":{"line":396,"column":47}},"88":{"start":{"line":399,"column":6},"end":{"line":399,"column":39}},"89":{"start":{"line":403,"column":2},"end":{"line":403,"column":19}}},"fnMap":{"0":{"name":"(anonymous_0)","decl":{"start":{"line":8,"column":2},"end":{"line":8,"column":7}},"loc":{"start":{"line":8,"column":60},"end":{"line":48,"column":3}}},"1":{"name":"(anonymous_1)","decl":{"start":{"line":31,"column":6},"end":{"line":31,"column":7}},"loc":{"start":{"line":31,"column":19},"end":{"line":34,"column":8}}},"2":{"name":"(anonymous_2)","decl":{"start":{"line":39,"column":27},"end":{"line":39,"column":28}},"loc":{"start":{"line":39,"column":41},"end":{"line":39,"column":70}}},"3":{"name":"(anonymous_3)","decl":{"start":{"line":53,"column":2},"end":{"line":53,"column":7}},"loc":{"start":{"line":53,"column":60},"end":{"line":160,"column":3}}},"4":{"name":"(anonymous_4)","decl":{"start":{"line":165,"column":2},"end":{"line":165,"column":7}},"loc":{"start":{"line":165,"column":60},"end":{"line":190,"column":3}}},"5":{"name":"(anonymous_5)","decl":{"start":{"line":195,"column":2},"end":{"line":195,"column":7}},"loc":{"start":{"line":195,"column":60},"end":{"line":212,"column":3}}},"6":{"name":"(anonymous_6)","decl":{"start":{"line":217,"column":2},"end":{"line":217,"column":7}},"loc":{"start":{"line":217,"column":60},"end":{"line":229,"column":3}}},"7":{"name":"(anonymous_7)","decl":{"start":{"line":234,"column":2},"end":{"line":234,"column":7}},"loc":{"start":{"line":234,"column":60},"end":{"line":256,"column":3}}},"8":{"name":"(anonymous_8)","decl":{"start":{"line":261,"column":2},"end":{"line":261,"column":7}},"loc":{"start":{"line":261,"column":60},"end":{"line":335,"column":3}}},"9":{"name":"(anonymous_9)","decl":{"start":{"line":340,"column":2},"end":{"line":340,"column":7}},"loc":{"start":{"line":340,"column":60},"end":{"line":377,"column":3}}},"10":{"name":"buildFileTree","decl":{"start":{"line":381,"column":9},"end":{"line":381,"column":22}},"loc":{"start":{"line":381,"column":35},"end":{"line":404,"column":1}}},"11":{"name":"(anonymous_11)","decl":{"start":{"line":386,"column":16},"end":{"line":386,"column":17}},"loc":{"start":{"line":386,"column":25},"end":{"line":388,"column":3}}},"12":{"name":"(anonymous_12)","decl":{"start":{"line":391,"column":16},"end":{"line":391,"column":17}},"loc":{"start":{"line":391,"column":25},"end":{"line":401,"column":3}}}},"branchMap":{"0":{"loc":{"start":{"line":11,"column":4},"end":{"line":13,"column":5}},"type":"if","locations":[{"start":{"line":11,"column":4},"end":{"line":13,"column":5}}]},"1":{"loc":{"start":{"line":57,"column":4},"end":{"line":59,"column":5}},"type":"if","locations":[{"start":{"line":57,"column":4},"end":{"line":59,"column":5}}]},"2":{"loc":{"start":{"line":173,"column":4},"end":{"line":175,"column":5}},"type":"if","locations":[{"start":{"line":173,"column":4},"end":{"line":175,"column":5}}]},"3":{"loc":{"start":{"line":266,"column":4},"end":{"line":268,"column":5}},"type":"if","locations":[{"start":{"line":266,"column":4},"end":{"line":268,"column":5}}]},"4":{"loc":{"start":{"line":275,"column":4},"end":{"line":277,"column":5}},"type":"if","locations":[{"start":{"line":275,"column":4},"end":{"line":277,"column":5}}]},"5":{"loc":{"start":{"line":279,"column":4},"end":{"line":283,"column":5}},"type":"if","locations":[{"start":{"line":279,"column":4},"end":{"line":283,"column":5}}]},"6":{"loc":{"start":{"line":290,"column":4},"end":{"line":292,"column":5}},"type":"if","locations":[{"start":{"line":290,"column":4},"end":{"line":292,"column":5}}]},"7":{"loc":{"start":{"line":295,"column":4},"end":{"line":297,"column":5}},"type":"if","locations":[{"start":{"line":295,"column":4},"end":{"line":297,"column":5}}]},"8":{"loc":{"start":{"line":309,"column":4},"end":{"line":311,"column":5}},"type":"if","locations":[{"start":{"line":309,"column":4},"end":{"line":311,"column":5}}]},"9":{"loc":{"start":{"line":344,"column":4},"end":{"line":346,"column":5}},"type":"if","locations":[{"start":{"line":344,"column":4},"end":{"line":346,"column":5}}]},"10":{"loc":{"start":{"line":353,"column":4},"end":{"line":355,"column":5}},"type":"if","locations":[{"start":{"line":353,"column":4},"end":{"line":355,"column":5}}]},"11":{"loc":{"start":{"line":357,"column":4},"end":{"line":361,"column":5}},"type":"if","locations":[{"start":{"line":357,"column":4},"end":{"line":361,"column":5}}]},"12":{"loc":{"start":{"line":393,"column":4},"end":{"line":400,"column":5}},"type":"if","locations":[{"start":{"line":393,"column":4},"end":{"line":400,"column":5}},{"start":{"line":398,"column":11},"end":{"line":400,"column":5}}]},"13":{"loc":{"start":{"line":395,"column":6},"end":{"line":397,"column":7}},"type":"if","locations":[{"start":{"line":395,"column":6},"end":{"line":397,"column":7}}]}},"s":{"0":0,"1":0,"2":0,"3":0,"4":0,"5":0,"6":0,"7":0,"8":0,"9":0,"10":0,"11":0,"12":0,"13":0,"14":0,"15":0,"16":0,"17":0,"18":0,"19":0,"20":0,"21":0,"22":0,"23":0,"24":0,"25":0,"26":0,"27":0,"28":0,"29":0,"30":0,"31":0,"32":0,"33":0,"34":0,"35":0,"36":0,"37":0,"38":0,"39":0,"40":0,"41":0,"42":0,"43":0,"44":0,"45":0,"46":0,"47":0,"48":0,"49":0,"50":0,"51":0,"52":0,"53":0,"54":0,"55":0,"56":0,"57":0,"58":0,"59":0,"60":0,"61":0,"62":0,"63":0,"64":0,"65":0,"66":0,"67":0,"68":0,"69":0,"70":0,"71":0,"72":0,"73":0,"74":0,"75":0,"76":0,"77":0,"78":0,"79":0,"80":0,"81":0,"82":0,"83":0,"84":0,"85":0,"86":0,"87":0,"88":0,"89":0},"f":{"0":0,"1":0,"2":0,"3":0,"4":0,"5":0,"6":0,"7":0,"8":0,"9":0,"10":0,"11":0,"12":0},"b":{"0":[0],"1":[0],"2":[0],"3":[0],"4":[0],"5":[0],"6":[0],"7":[0],"8":[0],"9":[0],"10":[0],"11":[0],"12":[0,0],"13":[0]}}
,"/Users/horidaisuke/open_replit_agent/backend/src/controllers/template.controller.ts": {"path":"/Users/horidaisuke/open_replit_agent/backend/src/controllers/template.controller.ts","statementMap":{"0":{"start":{"line":2,"column":0},"end":{"line":2,"column":34}},"1":{"start":{"line":3,"column":0},"end":{"line":3,"column":71}},"2":{"start":{"line":4,"column":0},"end":{"line":4,"column":72}},"3":{"start":{"line":7,"column":13},"end":{"line":17,"column":2}},"4":{"start":{"line":9,"column":22},"end":{"line":9,"column":58}},"5":{"start":{"line":11,"column":4},"end":{"line":15,"column":7}},"6":{"start":{"line":20,"column":13},"end":{"line":35,"column":2}},"7":{"start":{"line":22,"column":27},"end":{"line":22,"column":37}},"8":{"start":{"line":24,"column":4},"end":{"line":26,"column":5}},"9":{"start":{"line":25,"column":6},"end":{"line":25,"column":54}},"10":{"start":{"line":28,"column":28},"end":{"line":28,"column":80}},"11":{"start":{"line":30,"column":4},"end":{"line":33,"column":7}},"12":{"start":{"line":38,"column":13},"end":{"line":72,"column":2}},"13":{"start":{"line":40,"column":53},"end":{"line":40,"column":61}},"14":{"start":{"line":41,"column":19},"end":{"line":41,"column":31}},"15":{"start":{"line":43,"column":4},"end":{"line":45,"column":5}},"16":{"start":{"line":44,"column":6},"end":{"line":44,"column":48}},"17":{"start":{"line":48,"column":28},"end":{"line":53,"column":6}},"18":{"start":{"line":55,"column":4},"end":{"line":57,"column":5}},"19":{"start":{"line":56,"column":6},"end":{"line":56,"column":60}},"20":{"start":{"line":60,"column":20},"end":{"line":64,"column":null}},"21":{"start":{"line":67,"column":4},"end":{"line":70,"column":7}}},"fnMap":{"0":{"name":"(anonymous_0)","decl":{"start":{"line":8,"column":2},"end":{"line":8,"column":7}},"loc":{"start":{"line":8,"column":60},"end":{"line":16,"column":3}}},"1":{"name":"(anonymous_1)","decl":{"start":{"line":21,"column":2},"end":{"line":21,"column":7}},"loc":{"start":{"line":21,"column":60},"end":{"line":34,"column":3}}},"2":{"name":"(anonymous_2)","decl":{"start":{"line":39,"column":2},"end":{"line":39,"column":7}},"loc":{"start":{"line":39,"column":60},"end":{"line":71,"column":3}}}},"branchMap":{"0":{"loc":{"start":{"line":24,"column":4},"end":{"line":26,"column":5}},"type":"if","locations":[{"start":{"line":24,"column":4},"end":{"line":26,"column":5}}]},"1":{"loc":{"start":{"line":43,"column":4},"end":{"line":45,"column":5}},"type":"if","locations":[{"start":{"line":43,"column":4},"end":{"line":45,"column":5}}]},"2":{"loc":{"start":{"line":55,"column":4},"end":{"line":57,"column":5}},"type":"if","locations":[{"start":{"line":55,"column":4},"end":{"line":57,"column":5}}]}},"s":{"0":0,"1":0,"2":0,"3":0,"4":0,"5":0,"6":0,"7":0,"8":0,"9":0,"10":0,"11":0,"12":0,"13":0,"14":0,"15":0,"16":0,"17":0,"18":0,"19":0,"20":0,"21":0},"f":{"0":0,"1":0,"2":0},"b":{"0":[0],"1":[0],"2":[0]}}
,"/Users/horidaisuke/open_replit_agent/backend/src/middlewares/auth.middleware.ts": {"path":"/Users/horidaisuke/open_replit_agent/backend/src/middlewares/auth.middleware.ts","statementMap":{"0":{"start":{"line":2,"column":0},"end":{"line":2,"column":31}},"1":{"start":{"line":3,"column":0},"end":{"line":3,"column":34}},"2":{"start":{"line":4,"column":0},"end":{"line":4,"column":46}},"3":{"start":{"line":27,"column":30},"end":{"line":83,"column":1}},"4":{"start":{"line":32,"column":2},"end":{"line":82,"column":3}},"5":{"start":{"line":35,"column":4},"end":{"line":40,"column":5}},"6":{"start":{"line":39,"column":6},"end":{"line":39,"column":54}},"7":{"start":{"line":43,"column":4},"end":{"line":47,"column":5}},"8":{"start":{"line":44,"column":6},"end":{"line":46,"column":8}},"9":{"start":{"line":50,"column":20},"end":{"line":52,"column":null}},"10":{"start":{"line":56,"column":17},"end":{"line":63,"column":6}},"11":{"start":{"line":65,"column":4},"end":{"line":69,"column":5}},"12":{"start":{"line":66,"column":6},"end":{"line":68,"column":8}},"13":{"start":{"line":72,"column":4},"end":{"line":72,"column":20}},"14":{"start":{"line":73,"column":4},"end":{"line":73,"column":11}},"15":{"start":{"line":75,"column":4},"end":{"line":77,"column":5}},"16":{"start":{"line":76,"column":6},"end":{"line":76,"column":64}},"17":{"start":{"line":78,"column":4},"end":{"line":80,"column":5}},"18":{"start":{"line":79,"column":6},"end":{"line":79,"column":71}},"19":{"start":{"line":81,"column":4},"end":{"line":81,"column":16}},"20":{"start":{"line":27,"column":13},"end":{"line":27,"column":30}},"21":{"start":{"line":86,"column":39},"end":{"line":131,"column":1}},"22":{"start":{"line":91,"column":2},"end":{"line":130,"column":3}},"23":{"start":{"line":92,"column":26},"end":{"line":92,"column":36}},"24":{"start":{"line":93,"column":19},"end":{"line":93,"column":31}},"25":{"start":{"line":95,"column":4},"end":{"line":97,"column":5}},"26":{"start":{"line":96,"column":6},"end":{"line":96,"column":49}},"27":{"start":{"line":100,"column":20},"end":{"line":102,"column":6}},"28":{"start":{"line":104,"column":4},"end":{"line":106,"column":5}},"29":{"start":{"line":105,"column":6},"end":{"line":105,"column":56}},"30":{"start":{"line":109,"column":4},"end":{"line":125,"column":5}},"31":{"start":{"line":111,"column":27},"end":{"line":118,"column":8}},"32":{"start":{"line":120,"column":6},"end":{"line":124,"column":7}},"33":{"start":{"line":121,"column":8},"end":{"line":123,"column":10}},"34":{"start":{"line":127,"column":4},"end":{"line":127,"column":11}},"35":{"start":{"line":129,"column":4},"end":{"line":129,"column":16}},"36":{"start":{"line":86,"column":13},"end":{"line":86,"column":39}},"37":{"start":{"line":134,"column":31},"end":{"line":146,"column":1}},"38":{"start":{"line":139,"column":2},"end":{"line":145,"column":3}},"39":{"start":{"line":142,"column":4},"end":{"line":142,"column":50}},"40":{"start":{"line":144,"column":4},"end":{"line":144,"column":16}},"41":{"start":{"line":134,"column":13},"end":{"line":134,"column":31}}},"fnMap":{"0":{"name":"(anonymous_1)","decl":{"start":{"line":27,"column":30},"end":{"line":27,"column":35}},"loc":{"start":{"line":31,"column":4},"end":{"line":83,"column":1}}},"1":{"name":"(anonymous_2)","decl":{"start":{"line":86,"column":39},"end":{"line":86,"column":44}},"loc":{"start":{"line":90,"column":4},"end":{"line":131,"column":1}}},"2":{"name":"(anonymous_3)","decl":{"start":{"line":134,"column":31},"end":{"line":134,"column":36}},"loc":{"start":{"line":138,"column":4},"end":{"line":146,"column":1}}}},"branchMap":{"0":{"loc":{"start":{"line":35,"column":4},"end":{"line":40,"column":5}},"type":"if","locations":[{"start":{"line":35,"column":4},"end":{"line":40,"column":5}}]},"1":{"loc":{"start":{"line":36,"column":6},"end":{"line":37,"column":52}},"type":"binary-expr","locations":[{"start":{"line":36,"column":6},"end":{"line":36,"column":31}},{"start":{"line":37,"column":6},"end":{"line":37,"column":52}}]},"2":{"loc":{"start":{"line":43,"column":4},"end":{"line":47,"column":5}},"type":"if","locations":[{"start":{"line":43,"column":4},"end":{"line":47,"column":5}}]},"3":{"loc":{"start":{"line":65,"column":4},"end":{"line":69,"column":5}},"type":"if","locations":[{"start":{"line":65,"column":4},"end":{"line":69,"column":5}}]},"4":{"loc":{"start":{"line":75,"column":4},"end":{"line":77,"column":5}},"type":"if","locations":[{"start":{"line":75,"column":4},"end":{"line":77,"column":5}}]},"5":{"loc":{"start":{"line":78,"column":4},"end":{"line":80,"column":5}},"type":"if","locations":[{"start":{"line":78,"column":4},"end":{"line":80,"column":5}}]},"6":{"loc":{"start":{"line":95,"column":4},"end":{"line":97,"column":5}},"type":"if","locations":[{"start":{"line":95,"column":4},"end":{"line":97,"column":5}}]},"7":{"loc":{"start":{"line":104,"column":4},"end":{"line":106,"column":5}},"type":"if","locations":[{"start":{"line":104,"column":4},"end":{"line":106,"column":5}}]},"8":{"loc":{"start":{"line":109,"column":4},"end":{"line":125,"column":5}},"type":"if","locations":[{"start":{"line":109,"column":4},"end":{"line":125,"column":5}}]},"9":{"loc":{"start":{"line":120,"column":6},"end":{"line":124,"column":7}},"type":"if","locations":[{"start":{"line":120,"column":6},"end":{"line":124,"column":7}}]}},"s":{"0":0,"1":0,"2":0,"3":0,"4":0,"5":0,"6":0,"7":0,"8":0,"9":0,"10":0,"11":0,"12":0,"13":0,"14":0,"15":0,"16":0,"17":0,"18":0,"19":0,"20":0,"21":0,"22":0,"23":0,"24":0,"25":0,"26":0,"27":0,"28":0,"29":0,"30":0,"31":0,"32":0,"33":0,"34":0,"35":0,"36":0,"37":0,"38":0,"39":0,"40":0,"41":0},"f":{"0":0,"1":0,"2":0},"b":{"0":[0],"1":[0,0],"2":[0],"3":[0],"4":[0],"5":[0],"6":[0],"7":[0],"8":[0],"9":[0]}}
,"/Users/horidaisuke/open_replit_agent/backend/src/middlewares/error.middleware.ts": {"path":"/Users/horidaisuke/open_replit_agent/backend/src/middlewares/error.middleware.ts","statementMap":{"0":{"start":{"line":10,"column":4},"end":{"line":10,"column":19}},"1":{"start":{"line":11,"column":4},"end":{"line":11,"column":33}},"2":{"start":{"line":12,"column":4},"end":{"line":12,"column":69}},"3":{"start":{"line":13,"column":4},"end":{"line":13,"column":30}},"4":{"start":{"line":15,"column":4},"end":{"line":15,"column":52}},"5":{"start":{"line":4,"column":0},"end":{"line":4,"column":13}},"6":{"start":{"line":20,"column":28},"end":{"line":55,"column":1}},"7":{"start":{"line":27,"column":16},"end":{"line":27,"column":31}},"8":{"start":{"line":28,"column":2},"end":{"line":28,"column":45}},"9":{"start":{"line":29,"column":2},"end":{"line":29,"column":41}},"10":{"start":{"line":32,"column":2},"end":{"line":39,"column":3}},"11":{"start":{"line":33,"column":4},"end":{"line":38,"column":7}},"12":{"start":{"line":42,"column":2},"end":{"line":47,"column":3}},"13":{"start":{"line":43,"column":4},"end":{"line":46,"column":7}},"14":{"start":{"line":50,"column":2},"end":{"line":50,"column":35}},"15":{"start":{"line":51,"column":2},"end":{"line":54,"column":5}},"16":{"start":{"line":20,"column":13},"end":{"line":20,"column":28}},"17":{"start":{"line":58,"column":26},"end":{"line":62,"column":1}},"18":{"start":{"line":59,"column":2},"end":{"line":61,"column":4}},"19":{"start":{"line":60,"column":4},"end":{"line":60,"column":35}},"20":{"start":{"line":58,"column":13},"end":{"line":58,"column":26}}},"fnMap":{"0":{"name":"(anonymous_0)","decl":{"start":{"line":9,"column":2},"end":{"line":9,"column":14}},"loc":{"start":{"line":9,"column":49},"end":{"line":16,"column":3}}},"1":{"name":"(anonymous_1)","decl":{"start":{"line":20,"column":28},"end":{"line":20,"column":null}},"loc":{"start":{"line":25,"column":4},"end":{"line":55,"column":1}}},"2":{"name":"(anonymous_2)","decl":{"start":{"line":58,"column":26},"end":{"line":58,"column":27}},"loc":{"start":{"line":58,"column":43},"end":{"line":62,"column":1}}},"3":{"name":"(anonymous_3)","decl":{"start":{"line":59,"column":9},"end":{"line":59,"column":10}},"loc":{"start":{"line":59,"column":61},"end":{"line":61,"column":3}}}},"branchMap":{"0":{"loc":{"start":{"line":12,"column":18},"end":{"line":12,"column":68}},"type":"cond-expr","locations":[{"start":{"line":12,"column":52},"end":{"line":12,"column":58}},{"start":{"line":12,"column":61},"end":{"line":12,"column":68}}]},"1":{"loc":{"start":{"line":28,"column":21},"end":{"line":28,"column":44}},"type":"binary-expr","locations":[{"start":{"line":28,"column":21},"end":{"line":28,"column":37}},{"start":{"line":28,"column":41},"end":{"line":28,"column":44}}]},"2":{"loc":{"start":{"line":29,"column":17},"end":{"line":29,"column":40}},"type":"binary-expr","locations":[{"start":{"line":29,"column":17},"end":{"line":29,"column":29}},{"start":{"line":29,"column":33},"end":{"line":29,"column":40}}]},"3":{"loc":{"start":{"line":32,"column":2},"end":{"line":39,"column":3}},"type":"if","locations":[{"start":{"line":32,"column":2},"end":{"line":39,"column":3}}]},"4":{"loc":{"start":{"line":42,"column":2},"end":{"line":47,"column":3}},"type":"if","locations":[{"start":{"line":42,"column":2},"end":{"line":47,"column":3}}]}},"s":{"0":45,"1":45,"2":45,"3":45,"4":45,"5":7,"6":7,"7":0,"8":0,"9":0,"10":0,"11":0,"12":0,"13":0,"14":0,"15":0,"16":7,"17":7,"18":0,"19":0,"20":7},"f":{"0":45,"1":0,"2":0,"3":0},"b":{"0":[20,25],"1":[0,0],"2":[0,0],"3":[0],"4":[0]}}
,"/Users/horidaisuke/open_replit_agent/backend/src/routes/auth.routes.ts": {"path":"/Users/horidaisuke/open_replit_agent/backend/src/routes/auth.routes.ts","statementMap":{"0":{"start":{"line":1,"column":0},"end":{"line":1,"column":30}},"1":{"start":{"line":2,"column":0},"end":{"line":2,"column":41}},"2":{"start":{"line":3,"column":0},"end":{"line":3,"column":65}},"3":{"start":{"line":4,"column":0},"end":{"line":4,"column":71}},"4":{"start":{"line":6,"column":15},"end":{"line":6,"column":31}},"5":{"start":{"line":9,"column":27},"end":{"line":26,"column":2}},"6":{"start":{"line":28,"column":24},"end":{"line":38,"column":2}},"7":{"start":{"line":41,"column":0},"end":{"line":41,"column":87}},"8":{"start":{"line":42,"column":0},"end":{"line":42,"column":78}},"9":{"start":{"line":43,"column":0},"end":{"line":43,"column":40}},"10":{"start":{"line":44,"column":0},"end":{"line":44,"column":46}},"11":{"start":{"line":45,"column":0},"end":{"line":45,"column":63}},"12":{"start":{"line":46,"column":0},"end":{"line":46,"column":68}},"13":{"start":{"line":48,"column":0},"end":{"line":48,"column":22}}},"fnMap":{},"branchMap":{},"s":{"0":0,"1":0,"2":0,"3":0,"4":0,"5":0,"6":0,"7":0,"8":0,"9":0,"10":0,"11":0,"12":0,"13":0},"f":{},"b":{}}
,"/Users/horidaisuke/open_replit_agent/backend/src/routes/chat.routes.ts": {"path":"/Users/horidaisuke/open_replit_agent/backend/src/routes/chat.routes.ts","statementMap":{"0":{"start":{"line":1,"column":0},"end":{"line":1,"column":30}},"1":{"start":{"line":2,"column":0},"end":{"line":2,"column":41}},"2":{"start":{"line":3,"column":0},"end":{"line":3,"column":65}},"3":{"start":{"line":4,"column":0},"end":{"line":4,"column":71}},"4":{"start":{"line":5,"column":0},"end":{"line":5,"column":73}},"5":{"start":{"line":7,"column":15},"end":{"line":7,"column":52}},"6":{"start":{"line":10,"column":26},"end":{"line":16,"column":2}},"7":{"start":{"line":19,"column":0},"end":{"line":19,"column":72}},"8":{"start":{"line":22,"column":0},"end":{"line":28,"column":2}},"9":{"start":{"line":31,"column":0},"end":{"line":45,"column":2}},"10":{"start":{"line":48,"column":0},"end":{"line":61,"column":2}},"11":{"start":{"line":64,"column":0},"end":{"line":77,"column":2}},"12":{"start":{"line":79,"column":0},"end":{"line":79,"column":22}}},"fnMap":{},"branchMap":{},"s":{"0":0,"1":0,"2":0,"3":0,"4":0,"5":0,"6":0,"7":0,"8":0,"9":0,"10":0,"11":0,"12":0},"f":{},"b":{}}
,"/Users/horidaisuke/open_replit_agent/backend/src/routes/deploy.routes.ts": {"path":"/Users/horidaisuke/open_replit_agent/backend/src/routes/deploy.routes.ts","statementMap":{"0":{"start":{"line":1,"column":0},"end":{"line":1,"column":30}},"1":{"start":{"line":2,"column":0},"end":{"line":2,"column":69}},"2":{"start":{"line":3,"column":0},"end":{"line":3,"column":73}},"3":{"start":{"line":5,"column":15},"end":{"line":5,"column":52}},"4":{"start":{"line":8,"column":0},"end":{"line":8,"column":74}},"5":{"start":{"line":9,"column":0},"end":{"line":9,"column":99}},"6":{"start":{"line":10,"column":0},"end":{"line":10,"column":95}},"7":{"start":{"line":11,"column":0},"end":{"line":11,"column":87}},"8":{"start":{"line":13,"column":0},"end":{"line":13,"column":22}}},"fnMap":{},"branchMap":{},"s":{"0":0,"1":0,"2":0,"3":0,"4":0,"5":0,"6":0,"7":0,"8":0},"f":{},"b":{}}
,"/Users/horidaisuke/open_replit_agent/backend/src/routes/github.routes.ts": {"path":"/Users/horidaisuke/open_replit_agent/backend/src/routes/github.routes.ts","statementMap":{"0":{"start":{"line":1,"column":0},"end":{"line":1,"column":30}},"1":{"start":{"line":2,"column":0},"end":{"line":2,"column":41}},"2":{"start":{"line":3,"column":0},"end":{"line":3,"column":69}},"3":{"start":{"line":4,"column":0},"end":{"line":4,"column":71}},"4":{"start":{"line":5,"column":0},"end":{"line":5,"column":89}},"5":{"start":{"line":7,"column":15},"end":{"line":7,"column":31}},"6":{"start":{"line":10,"column":0},"end":{"line":10,"column":66}},"7":{"start":{"line":11,"column":0},"end":{"line":11,"column":77}},"8":{"start":{"line":12,"column":0},"end":{"line":12,"column":75}},"9":{"start":{"line":15,"column":0},"end":{"line":25,"column":2}},"10":{"start":{"line":27,"column":0},"end":{"line":31,"column":2}},"11":{"start":{"line":33,"column":0},"end":{"line":44,"column":2}},"12":{"start":{"line":46,"column":0},"end":{"line":46,"column":22}}},"fnMap":{},"branchMap":{},"s":{"0":0,"1":0,"2":0,"3":0,"4":0,"5":0,"6":0,"7":0,"8":0,"9":0,"10":0,"11":0,"12":0},"f":{},"b":{}}
,"/Users/horidaisuke/open_replit_agent/backend/src/routes/project.routes.ts": {"path":"/Users/horidaisuke/open_replit_agent/backend/src/routes/project.routes.ts","statementMap":{"0":{"start":{"line":1,"column":0},"end":{"line":1,"column":30}},"1":{"start":{"line":2,"column":0},"end":{"line":2,"column":41}},"2":{"start":{"line":3,"column":0},"end":{"line":3,"column":71}},"3":{"start":{"line":4,"column":0},"end":{"line":4,"column":71}},"4":{"start":{"line":5,"column":0},"end":{"line":5,"column":73}},"5":{"start":{"line":7,"column":15},"end":{"line":7,"column":31}},"6":{"start":{"line":10,"column":26},"end":{"line":20,"column":2}},"7":{"start":{"line":23,"column":0},"end":{"line":23,"column":50}},"8":{"start":{"line":24,"column":0},"end":{"line":24,"column":86}},"9":{"start":{"line":25,"column":0},"end":{"line":25,"column":81}},"10":{"start":{"line":26,"column":0},"end":{"line":32,"column":2}},"11":{"start":{"line":33,"column":0},"end":{"line":33,"column":87}},"12":{"start":{"line":36,"column":0},"end":{"line":40,"column":2}},"13":{"start":{"line":41,"column":0},"end":{"line":50,"column":2}},"14":{"start":{"line":51,"column":0},"end":{"line":55,"column":2}},"15":{"start":{"line":57,"column":0},"end":{"line":57,"column":22}}},"fnMap":{},"branchMap":{},"s":{"0":0,"1":0,"2":0,"3":0,"4":0,"5":0,"6":0,"7":0,"8":0,"9":0,"10":0,"11":0,"12":0,"13":0,"14":0,"15":0},"f":{},"b":{}}
,"/Users/horidaisuke/open_replit_agent/backend/src/routes/template.routes.ts": {"path":"/Users/horidaisuke/open_replit_agent/backend/src/routes/template.routes.ts","statementMap":{"0":{"start":{"line":1,"column":0},"end":{"line":1,"column":30}},"1":{"start":{"line":2,"column":0},"end":{"line":2,"column":41}},"2":{"start":{"line":3,"column":0},"end":{"line":3,"column":73}},"3":{"start":{"line":4,"column":0},"end":{"line":4,"column":71}},"4":{"start":{"line":5,"column":0},"end":{"line":5,"column":64}},"5":{"start":{"line":7,"column":15},"end":{"line":7,"column":31}},"6":{"start":{"line":10,"column":0},"end":{"line":10,"column":49}},"7":{"start":{"line":13,"column":0},"end":{"line":13,"column":66}},"8":{"start":{"line":16,"column":0},"end":{"line":30,"column":2}},"9":{"start":{"line":32,"column":0},"end":{"line":32,"column":22}}},"fnMap":{},"branchMap":{},"s":{"0":0,"1":0,"2":0,"3":0,"4":0,"5":0,"6":0,"7":0,"8":0,"9":0},"f":{},"b":{}}
,"/Users/horidaisuke/open_replit_agent/backend/src/services/ai/openai.service.ts": {"path":"/Users/horidaisuke/open_replit_agent/backend/src/services/ai/openai.service.ts","statementMap":{"0":{"start":{"line":1,"column":0},"end":{"line":1,"column":28}},"1":{"start":{"line":2,"column":0},"end":{"line":2,"column":62}},"2":{"start":{"line":5,"column":15},"end":{"line":7,"column":2}},"3":{"start":{"line":21,"column":4},"end":{"line":42,"column":5}},"4":{"start":{"line":23,"column":27},"end":{"line":23,"column":58}},"5":{"start":{"line":26,"column":23},"end":{"line":34,"column":8}},"6":{"start":{"line":37,"column":28},"end":{"line":37,"column":71}},"7":{"start":{"line":38,"column":6},"end":{"line":38,"column":27}},"8":{"start":{"line":40,"column":6},"end":{"line":40,"column":48}},"9":{"start":{"line":41,"column":6},"end":{"line":41,"column":53}},"10":{"start":{"line":52,"column":4},"end":{"line":74,"column":5}},"11":{"start":{"line":53,"column":23},"end":{"line":67,"column":8}},"12":{"start":{"line":69,"column":27},"end":{"line":69,"column":70}},"13":{"start":{"line":70,"column":6},"end":{"line":70,"column":26}},"14":{"start":{"line":72,"column":6},"end":{"line":72,"column":48}},"15":{"start":{"line":73,"column":6},"end":{"line":73,"column":51}},"16":{"start":{"line":83,"column":4},"end":{"line":105,"column":5}},"17":{"start":{"line":84,"column":23},"end":{"line":98,"column":8}},"18":{"start":{"line":100,"column":26},"end":{"line":100,"column":69}},"19":{"start":{"line":101,"column":6},"end":{"line":101,"column":25}},"20":{"start":{"line":103,"column":6},"end":{"line":103,"column":48}},"21":{"start":{"line":104,"column":6},"end":{"line":104,"column":53}},"22":{"start":{"line":114,"column":76},"end":{"line":114,"column":83}},"23":{"start":{"line":117,"column":26},"end":{"line":119,"column":17}},"24":{"start":{"line":118,"column":19},"end":{"line":118,"column":84}},"25":{"start":{"line":122,"column":22},"end":{"line":122,"column":82}},"26":{"start":{"line":124,"column":4},"end":{"line":146,"column":2}},"27":{"start":{"line":13,"column":0},"end":{"line":13,"column":13}}},"fnMap":{"0":{"name":"(anonymous_1)","decl":{"start":{"line":20,"column":2},"end":{"line":20,"column":8}},"loc":{"start":{"line":20,"column":67},"end":{"line":43,"column":3}}},"1":{"name":"(anonymous_2)","decl":{"start":{"line":51,"column":2},"end":{"line":51,"column":8}},"loc":{"start":{"line":51,"column":61},"end":{"line":75,"column":3}}},"2":{"name":"(anonymous_3)","decl":{"start":{"line":82,"column":2},"end":{"line":82,"column":8}},"loc":{"start":{"line":82,"column":39},"end":{"line":106,"column":3}}},"3":{"name":"(anonymous_4)","decl":{"start":{"line":113,"column":10},"end":{"line":113,"column":16}},"loc":{"start":{"line":113,"column":58},"end":{"line":147,"column":3}}},"4":{"name":"(anonymous_5)","decl":{"start":{"line":118,"column":11},"end":{"line":118,"column":15}},"loc":{"start":{"line":118,"column":19},"end":{"line":118,"column":84}}}},"branchMap":{"0":{"loc":{"start":{"line":37,"column":28},"end":{"line":37,"column":71}},"type":"binary-expr","locations":[{"start":{"line":37,"column":28},"end":{"line":37,"column":65}},{"start":{"line":37,"column":69},"end":{"line":37,"column":71}}]},"1":{"loc":{"start":{"line":69,"column":27},"end":{"line":69,"column":70}},"type":"binary-expr","locations":[{"start":{"line":69,"column":27},"end":{"line":69,"column":64}},{"start":{"line":69,"column":68},"end":{"line":69,"column":70}}]},"2":{"loc":{"start":{"line":100,"column":26},"end":{"line":100,"column":69}},"type":"binary-expr","locations":[{"start":{"line":100,"column":26},"end":{"line":100,"column":63}},{"start":{"line":100,"column":67},"end":{"line":100,"column":69}}]},"3":{"loc":{"start":{"line":118,"column":38},"end":{"line":118,"column":82}},"type":"cond-expr","locations":[{"start":{"line":118,"column":61},"end":{"line":118,"column":69}},{"start":{"line":118,"column":72},"end":{"line":118,"column":82}}]},"4":{"loc":{"start":{"line":122,"column":29},"end":{"line":122,"column":47}},"type":"binary-expr","locations":[{"start":{"line":122,"column":29},"end":{"line":122,"column":37}},{"start":{"line":122,"column":41},"end":{"line":122,"column":47}}]},"5":{"loc":{"start":{"line":122,"column":61},"end":{"line":122,"column":80}},"type":"binary-expr","locations":[{"start":{"line":122,"column":61},"end":{"line":122,"column":70}},{"start":{"line":122,"column":74},"end":{"line":122,"column":80}}]},"6":{"loc":{"start":{"line":130,"column":8},"end":{"line":130,"column":34}},"type":"binary-expr","locations":[{"start":{"line":130,"column":8},"end":{"line":130,"column":26}},{"start":{"line":130,"column":30},"end":{"line":130,"column":34}}]}},"s":{"0":0,"1":0,"2":0,"3":0,"4":0,"5":0,"6":0,"7":0,"8":0,"9":0,"10":0,"11":0,"12":0,"13":0,"14":0,"15":0,"16":0,"17":0,"18":0,"19":0,"20":0,"21":0,"22":0,"23":0,"24":0,"25":0,"26":0,"27":0},"f":{"0":0,"1":0,"2":0,"3":0,"4":0},"b":{"0":[0,0],"1":[0,0],"2":[0,0],"3":[0,0],"4":[0,0],"5":[0,0],"6":[0,0]}}
,"/Users/horidaisuke/open_replit_agent/backend/src/services/ai-provider/ai-preset.service.ts": {"path":"/Users/horidaisuke/open_replit_agent/backend/src/services/ai-provider/ai-preset.service.ts","statementMap":{"0":{"start":{"line":3,"column":0},"end":{"line":3,"column":62}},"1":{"start":{"line":4,"column":0},"end":{"line":4,"column":58}},"2":{"start":{"line":17,"column":4},"end":{"line":88,"column":5}},"3":{"start":{"line":38,"column":6},"end":{"line":84,"column":8}},"4":{"start":{"line":86,"column":6},"end":{"line":86,"column":56}},"5":{"start":{"line":87,"column":6},"end":{"line":87,"column":51}},"6":{"start":{"line":98,"column":4},"end":{"line":134,"column":5}},"7":{"start":{"line":120,"column":22},"end":{"line":120,"column":51}},"8":{"start":{"line":121,"column":21},"end":{"line":121,"column":57}},"9":{"start":{"line":121,"column":39},"end":{"line":121,"column":56}},"10":{"start":{"line":123,"column":6},"end":{"line":125,"column":7}},"11":{"start":{"line":124,"column":8},"end":{"line":124,"column":49}},"12":{"start":{"line":127,"column":6},"end":{"line":127,"column":20}},"13":{"start":{"line":129,"column":6},"end":{"line":131,"column":7}},"14":{"start":{"line":130,"column":8},"end":{"line":130,"column":20}},"15":{"start":{"line":132,"column":6},"end":{"line":132,"column":55}},"16":{"start":{"line":133,"column":6},"end":{"line":133,"column":51}},"17":{"start":{"line":144,"column":4},"end":{"line":181,"column":5}},"18":{"start":{"line":146,"column":33},"end":{"line":146,"column":74}},"19":{"start":{"line":147,"column":6},"end":{"line":149,"column":7}},"20":{"start":{"line":147,"column":40},"end":{"line":147,"column":66}},"21":{"start":{"line":148,"column":8},"end":{"line":148,"column":49}},"22":{"start":{"line":166,"column":34},"end":{"line":172,"column":8}},"23":{"start":{"line":174,"column":6},"end":{"line":174,"column":23}},"24":{"start":{"line":176,"column":6},"end":{"line":178,"column":7}},"25":{"start":{"line":177,"column":8},"end":{"line":177,"column":20}},"26":{"start":{"line":179,"column":6},"end":{"line":179,"column":58}},"27":{"start":{"line":180,"column":6},"end":{"line":180,"column":51}},"28":{"start":{"line":192,"column":4},"end":{"line":230,"column":5}},"29":{"start":{"line":194,"column":29},"end":{"line":194,"column":67}},"30":{"start":{"line":197,"column":6},"end":{"line":199,"column":7}},"31":{"start":{"line":198,"column":8},"end":{"line":198,"column":56}},"32":{"start":{"line":217,"column":38},"end":{"line":221,"column":8}},"33":{"start":{"line":223,"column":6},"end":{"line":223,"column":27}},"34":{"start":{"line":225,"column":6},"end":{"line":227,"column":7}},"35":{"start":{"line":226,"column":8},"end":{"line":226,"column":20}},"36":{"start":{"line":228,"column":6},"end":{"line":228,"column":58}},"37":{"start":{"line":229,"column":6},"end":{"line":229,"column":51}},"38":{"start":{"line":239,"column":4},"end":{"line":264,"column":5}},"39":{"start":{"line":241,"column":29},"end":{"line":241,"column":67}},"40":{"start":{"line":244,"column":6},"end":{"line":246,"column":7}},"41":{"start":{"line":245,"column":8},"end":{"line":245,"column":56}},"42":{"start":{"line":259,"column":6},"end":{"line":261,"column":7}},"43":{"start":{"line":260,"column":8},"end":{"line":260,"column":20}},"44":{"start":{"line":262,"column":6},"end":{"line":262,"column":58}},"45":{"start":{"line":263,"column":6},"end":{"line":263,"column":51}},"46":{"start":{"line":275,"column":4},"end":{"line":313,"column":5}},"47":{"start":{"line":277,"column":29},"end":{"line":277,"column":67}},"48":{"start":{"line":280,"column":6},"end":{"line":282,"column":7}},"49":{"start":{"line":281,"column":8},"end":{"line":281,"column":61}},"50":{"start":{"line":300,"column":38},"end":{"line":304,"column":8}},"51":{"start":{"line":306,"column":6},"end":{"line":306,"column":27}},"52":{"start":{"line":308,"column":6},"end":{"line":310,"column":7}},"53":{"start":{"line":309,"column":8},"end":{"line":309,"column":20}},"54":{"start":{"line":311,"column":6},"end":{"line":311,"column":66}},"55":{"start":{"line":312,"column":6},"end":{"line":312,"column":56}},"56":{"start":{"line":10,"column":0},"end":{"line":10,"column":13}}},"fnMap":{"0":{"name":"(anonymous_0)","decl":{"start":{"line":16,"column":2},"end":{"line":16,"column":8}},"loc":{"start":{"line":16,"column":40},"end":{"line":89,"column":3}}},"1":{"name":"(anonymous_1)","decl":{"start":{"line":97,"column":2},"end":{"line":97,"column":8}},"loc":{"start":{"line":97,"column":57},"end":{"line":135,"column":3}}},"2":{"name":"(anonymous_2)","decl":{"start":{"line":121,"column":34},"end":{"line":121,"column":35}},"loc":{"start":{"line":121,"column":39},"end":{"line":121,"column":56}}},"3":{"name":"(anonymous_3)","decl":{"start":{"line":143,"column":2},"end":{"line":143,"column":8}},"loc":{"start":{"line":143,"column":116},"end":{"line":182,"column":3}}},"4":{"name":"(anonymous_4)","decl":{"start":{"line":147,"column":35},"end":{"line":147,"column":36}},"loc":{"start":{"line":147,"column":40},"end":{"line":147,"column":66}}},"5":{"name":"(anonymous_5)","decl":{"start":{"line":191,"column":2},"end":{"line":191,"column":8}},"loc":{"start":{"line":191,"column":143},"end":{"line":231,"column":3}}},"6":{"name":"(anonymous_6)","decl":{"start":{"line":238,"column":2},"end":{"line":238,"column":8}},"loc":{"start":{"line":238,"column":60},"end":{"line":265,"column":3}}},"7":{"name":"(anonymous_7)","decl":{"start":{"line":274,"column":2},"end":{"line":274,"column":8}},"loc":{"start":{"line":274,"column":86},"end":{"line":314,"column":3}}}},"branchMap":{"0":{"loc":{"start":{"line":123,"column":6},"end":{"line":125,"column":7}},"type":"if","locations":[{"start":{"line":123,"column":6},"end":{"line":125,"column":7}}]},"1":{"loc":{"start":{"line":129,"column":6},"end":{"line":131,"column":7}},"type":"if","locations":[{"start":{"line":129,"column":6},"end":{"line":131,"column":7}}]},"2":{"loc":{"start":{"line":147,"column":6},"end":{"line":149,"column":7}},"type":"if","locations":[{"start":{"line":147,"column":6},"end":{"line":149,"column":7}}]},"3":{"loc":{"start":{"line":176,"column":6},"end":{"line":178,"column":7}},"type":"if","locations":[{"start":{"line":176,"column":6},"end":{"line":178,"column":7}}]},"4":{"loc":{"start":{"line":197,"column":6},"end":{"line":199,"column":7}},"type":"if","locations":[{"start":{"line":197,"column":6},"end":{"line":199,"column":7}}]},"5":{"loc":{"start":{"line":225,"column":6},"end":{"line":227,"column":7}},"type":"if","locations":[{"start":{"line":225,"column":6},"end":{"line":227,"column":7}}]},"6":{"loc":{"start":{"line":244,"column":6},"end":{"line":246,"column":7}},"type":"if","locations":[{"start":{"line":244,"column":6},"end":{"line":246,"column":7}}]},"7":{"loc":{"start":{"line":259,"column":6},"end":{"line":261,"column":7}},"type":"if","locations":[{"start":{"line":259,"column":6},"end":{"line":261,"column":7}}]},"8":{"loc":{"start":{"line":280,"column":6},"end":{"line":282,"column":7}},"type":"if","locations":[{"start":{"line":280,"column":6},"end":{"line":282,"column":7}}]},"9":{"loc":{"start":{"line":308,"column":6},"end":{"line":310,"column":7}},"type":"if","locations":[{"start":{"line":308,"column":6},"end":{"line":310,"column":7}}]}},"s":{"0":1,"1":1,"2":9,"3":9,"4":0,"5":0,"6":8,"7":8,"8":8,"9":14,"10":8,"11":2,"12":6,"13":2,"14":2,"15":0,"16":0,"17":3,"18":3,"19":3,"20":9,"21":2,"22":1,"23":1,"24":2,"25":2,"26":0,"27":0,"28":1,"29":1,"30":1,"31":0,"32":1,"33":1,"34":0,"35":0,"36":0,"37":0,"38":2,"39":2,"40":2,"41":0,"42":0,"43":0,"44":0,"45":0,"46":1,"47":1,"48":1,"49":0,"50":1,"51":1,"52":0,"53":0,"54":0,"55":0,"56":1},"f":{"0":9,"1":8,"2":14,"3":3,"4":9,"5":1,"6":2,"7":1},"b":{"0":[2],"1":[2],"2":[2],"3":[2],"4":[0],"5":[0],"6":[0],"7":[0],"8":[0],"9":[0]}}
,"/Users/horidaisuke/open_replit_agent/backend/src/services/ai-provider/ai-provider-factory.ts": {"path":"/Users/horidaisuke/open_replit_agent/backend/src/services/ai-provider/ai-provider-factory.ts","statementMap":{"0":{"start":{"line":2,"column":0},"end":{"line":2,"column":51}},"1":{"start":{"line":3,"column":0},"end":{"line":3,"column":57}},"2":{"start":{"line":4,"column":0},"end":{"line":4,"column":59}},"3":{"start":{"line":5,"column":0},"end":{"line":5,"column":60}},"4":{"start":{"line":6,"column":0},"end":{"line":6,"column":62}},"5":{"start":{"line":19,"column":4},"end":{"line":58,"column":5}},"6":{"start":{"line":21,"column":8},"end":{"line":27,"column":10}},"7":{"start":{"line":29,"column":8},"end":{"line":34,"column":10}},"8":{"start":{"line":36,"column":8},"end":{"line":41,"column":10}},"9":{"start":{"line":44,"column":47},"end":{"line":44,"column":71}},"10":{"start":{"line":45,"column":8},"end":{"line":47,"column":9}},"11":{"start":{"line":46,"column":10},"end":{"line":46,"column":87}},"12":{"start":{"line":48,"column":8},"end":{"line":55,"column":10}},"13":{"start":{"line":57,"column":8},"end":{"line":57,"column":70}},"14":{"start":{"line":66,"column":4},"end":{"line":71,"column":6}},"15":{"start":{"line":80,"column":4},"end":{"line":112,"column":5}},"16":{"start":{"line":82,"column":8},"end":{"line":87,"column":10}},"17":{"start":{"line":89,"column":8},"end":{"line":94,"column":10}},"18":{"start":{"line":96,"column":8},"end":{"line":101,"column":10}},"19":{"start":{"line":103,"column":8},"end":{"line":109,"column":10}},"20":{"start":{"line":111,"column":8},"end":{"line":111,"column":63}},"21":{"start":{"line":12,"column":0},"end":{"line":12,"column":13}}},"fnMap":{"0":{"name":"(anonymous_0)","decl":{"start":{"line":18,"column":2},"end":{"line":18,"column":8}},"loc":{"start":{"line":18,"column":48},"end":{"line":59,"column":3}}},"1":{"name":"(anonymous_1)","decl":{"start":{"line":65,"column":2},"end":{"line":65,"column":8}},"loc":{"start":{"line":65,"column":30},"end":{"line":72,"column":3}}},"2":{"name":"(anonymous_2)","decl":{"start":{"line":79,"column":2},"end":{"line":79,"column":8}},"loc":{"start":{"line":79,"column":44},"end":{"line":113,"column":3}}}},"branchMap":{"0":{"loc":{"start":{"line":19,"column":4},"end":{"line":58,"column":5}},"type":"switch","locations":[{"start":{"line":20,"column":6},"end":{"line":27,"column":10}},{"start":{"line":28,"column":6},"end":{"line":34,"column":10}},{"start":{"line":35,"column":6},"end":{"line":41,"column":10}},{"start":{"line":42,"column":6},"end":{"line":55,"column":10}},{"start":{"line":56,"column":6},"end":{"line":57,"column":70}}]},"1":{"loc":{"start":{"line":45,"column":8},"end":{"line":47,"column":9}},"type":"if","locations":[{"start":{"line":45,"column":8},"end":{"line":47,"column":9}}]},"2":{"loc":{"start":{"line":45,"column":12},"end":{"line":45,"column":44}},"type":"binary-expr","locations":[{"start":{"line":45,"column":12},"end":{"line":45,"column":24}},{"start":{"line":45,"column":28},"end":{"line":45,"column":44}}]},"3":{"loc":{"start":{"line":51,"column":10},"end":{"line":51,"column":40}},"type":"binary-expr","locations":[{"start":{"line":51,"column":10},"end":{"line":51,"column":25}},{"start":{"line":51,"column":29},"end":{"line":51,"column":40}}]},"4":{"loc":{"start":{"line":80,"column":4},"end":{"line":112,"column":5}},"type":"switch","locations":[{"start":{"line":81,"column":6},"end":{"line":87,"column":10}},{"start":{"line":88,"column":6},"end":{"line":94,"column":10}},{"start":{"line":95,"column":6},"end":{"line":101,"column":10}},{"start":{"line":102,"column":6},"end":{"line":109,"column":10}},{"start":{"line":110,"column":6},"end":{"line":111,"column":63}}]}},"s":{"0":1,"1":1,"2":1,"3":1,"4":1,"5":8,"6":1,"7":1,"8":1,"9":3,"10":3,"11":2,"12":1,"13":2,"14":1,"15":6,"16":1,"17":1,"18":1,"19":1,"20":2,"21":1},"f":{"0":8,"1":1,"2":6},"b":{"0":[1,1,1,3,2],"1":[2],"2":[3,3],"3":[1,0],"4":[1,1,1,1,2]}}
,"/Users/horidaisuke/open_replit_agent/backend/src/services/ai-provider/anthropic-provider.ts": {"path":"/Users/horidaisuke/open_replit_agent/backend/src/services/ai-provider/anthropic-provider.ts","statementMap":{"0":{"start":{"line":1,"column":0},"end":{"line":1,"column":42}},"1":{"start":{"line":3,"column":0},"end":{"line":3,"column":62}},"2":{"start":{"line":9,"column":11},"end":{"line":9,"column":37}},"3":{"start":{"line":10,"column":11},"end":{"line":10,"column":28}},"4":{"start":{"line":20,"column":11},"end":{"line":54,"column":4}},"5":{"start":{"line":69,"column":4},"end":{"line":71,"column":7}},"6":{"start":{"line":72,"column":4},"end":{"line":72,"column":41}},"7":{"start":{"line":73,"column":4},"end":{"line":73,"column":49}},"8":{"start":{"line":74,"column":4},"end":{"line":74,"column":45}},"9":{"start":{"line":84,"column":25},"end":{"line":87,"column":35}},"10":{"start":{"line":89,"column":4},"end":{"line":89,"column":55}},"11":{"start":{"line":100,"column":25},"end":{"line":103,"column":38}},"12":{"start":{"line":105,"column":19},"end":{"line":105,"column":90}},"13":{"start":{"line":106,"column":4},"end":{"line":106,"column":55}},"14":{"start":{"line":116,"column":25},"end":{"line":119,"column":45}},"15":{"start":{"line":121,"column":19},"end":{"line":121,"column":64}},"16":{"start":{"line":122,"column":4},"end":{"line":122,"column":55}},"17":{"start":{"line":132,"column":25},"end":{"line":136,"column":36}},"18":{"start":{"line":138,"column":19},"end":{"line":138,"column":71}},"19":{"start":{"line":139,"column":4},"end":{"line":139,"column":55}},"20":{"start":{"line":149,"column":25},"end":{"line":152,"column":38}},"21":{"start":{"line":154,"column":19},"end":{"line":154,"column":74}},"22":{"start":{"line":155,"column":4},"end":{"line":155,"column":55}},"23":{"start":{"line":165,"column":25},"end":{"line":168,"column":40}},"24":{"start":{"line":170,"column":19},"end":{"line":170,"column":71}},"25":{"start":{"line":171,"column":4},"end":{"line":171,"column":55}},"26":{"start":{"line":182,"column":25},"end":{"line":185,"column":38}},"27":{"start":{"line":187,"column":19},"end":{"line":187,"column":117}},"28":{"start":{"line":188,"column":4},"end":{"line":188,"column":55}},"29":{"start":{"line":198,"column":25},"end":{"line":201,"column":39}},"30":{"start":{"line":203,"column":19},"end":{"line":203,"column":80}},"31":{"start":{"line":204,"column":4},"end":{"line":204,"column":55}},"32":{"start":{"line":214,"column":25},"end":{"line":217,"column":34}},"33":{"start":{"line":219,"column":19},"end":{"line":219,"column":83}},"34":{"start":{"line":220,"column":4},"end":{"line":220,"column":55}},"35":{"start":{"line":230,"column":25},"end":{"line":233,"column":51}},"36":{"start":{"line":235,"column":19},"end":{"line":235,"column":66}},"37":{"start":{"line":236,"column":4},"end":{"line":236,"column":55}},"38":{"start":{"line":246,"column":25},"end":{"line":249,"column":54}},"39":{"start":{"line":251,"column":19},"end":{"line":251,"column":67}},"40":{"start":{"line":252,"column":4},"end":{"line":252,"column":55}},"41":{"start":{"line":263,"column":4},"end":{"line":311,"column":5}},"42":{"start":{"line":265,"column":22},"end":{"line":265,"column":61}},"43":{"start":{"line":266,"column":26},"end":{"line":266,"column":73}},"44":{"start":{"line":267,"column":24},"end":{"line":267,"column":67}},"45":{"start":{"line":270,"column":33},"end":{"line":270,"column":45}},"46":{"start":{"line":271,"column":6},"end":{"line":273,"column":7}},"47":{"start":{"line":272,"column":8},"end":{"line":272,"column":62}},"48":{"start":{"line":274,"column":6},"end":{"line":276,"column":7}},"49":{"start":{"line":275,"column":8},"end":{"line":275,"column":68}},"50":{"start":{"line":279,"column":6},"end":{"line":284,"column":7}},"51":{"start":{"line":280,"column":8},"end":{"line":280,"column":48}},"52":{"start":{"line":281,"column":8},"end":{"line":283,"column":9}},"53":{"start":{"line":282,"column":10},"end":{"line":282,"column":55}},"54":{"start":{"line":287,"column":23},"end":{"line":295,"column":8}},"55":{"start":{"line":299,"column":6},"end":{"line":304,"column":7}},"56":{"start":{"line":300,"column":29},"end":{"line":300,"column":48}},"57":{"start":{"line":301,"column":8},"end":{"line":303,"column":9}},"58":{"start":{"line":302,"column":10},"end":{"line":302,"column":41}},"59":{"start":{"line":307,"column":6},"end":{"line":307,"column":53}},"60":{"start":{"line":309,"column":6},"end":{"line":309,"column":51}},"61":{"start":{"line":310,"column":6},"end":{"line":310,"column":53}},"62":{"start":{"line":8,"column":0},"end":{"line":8,"column":13}}},"fnMap":{"0":{"name":"(anonymous_1)","decl":{"start":{"line":63,"column":2},"end":{"line":63,"column":null}},"loc":{"start":{"line":67,"column":35},"end":{"line":75,"column":3}}},"1":{"name":"(anonymous_2)","decl":{"start":{"line":83,"column":2},"end":{"line":83,"column":7}},"loc":{"start":{"line":83,"column":63},"end":{"line":90,"column":3}}},"2":{"name":"(anonymous_3)","decl":{"start":{"line":99,"column":2},"end":{"line":99,"column":7}},"loc":{"start":{"line":99,"column":82},"end":{"line":107,"column":3}}},"3":{"name":"(anonymous_4)","decl":{"start":{"line":115,"column":2},"end":{"line":115,"column":7}},"loc":{"start":{"line":115,"column":60},"end":{"line":123,"column":3}}},"4":{"name":"(anonymous_5)","decl":{"start":{"line":131,"column":2},"end":{"line":131,"column":7}},"loc":{"start":{"line":131,"column":62},"end":{"line":140,"column":3}}},"5":{"name":"(anonymous_6)","decl":{"start":{"line":148,"column":2},"end":{"line":148,"column":7}},"loc":{"start":{"line":148,"column":70},"end":{"line":156,"colum
[...]
"end":{"line":80,"column":8}},"20":{"start":{"line":82,"column":6},"end":{"line":87,"column":7}},"21":{"start":{"line":84,"column":8},"end":{"line":84,"column":54}},"22":{"start":{"line":86,"column":8},"end":{"line":86,"column":53}},"23":{"start":{"line":118,"column":6},"end":{"line":121,"column":8}},"24":{"start":{"line":123,"column":6},"end":{"line":125,"column":7}},"25":{"start":{"line":124,"column":8},"end":{"line":124,"column":20}},"26":{"start":{"line":126,"column":6},"end":{"line":126,"column":43}},"27":{"start":{"line":127,"column":6},"end":{"line":127,"column":57}},"28":{"start":{"line":145,"column":4},"end":{"line":210,"column":5}},"29":{"start":{"line":167,"column":21},"end":{"line":167,"column":53}},"30":{"start":{"line":168,"column":6},"end":{"line":170,"column":7}},"31":{"start":{"line":169,"column":8},"end":{"line":169,"column":58}},"32":{"start":{"line":173,"column":6},"end":{"line":173,"column":30}},"33":{"start":{"line":174,"column":21},"end":{"line":174,"column":37}},"34":{"start":{"line":177,"column":22},"end":{"line":198,"column":8}},"35":{"start":{"line":200,"column":6},"end":{"line":203,"column":8}},"36":{"start":{"line":205,"column":6},"end":{"line":207,"column":7}},"37":{"start":{"line":206,"column":8},"end":{"line":206,"column":20}},"38":{"start":{"line":208,"column":6},"end":{"line":208,"column":53}},"39":{"start":{"line":209,"column":6},"end":{"line":209,"column":56}},"40":{"start":{"line":219,"column":4},"end":{"line":244,"column":5}},"41":{"start":{"line":222,"column":21},"end":{"line":222,"column":53}},"42":{"start":{"line":223,"column":6},"end":{"line":225,"column":7}},"43":{"start":{"line":224,"column":8},"end":{"line":224,"column":58}},"44":{"start":{"line":228,"column":6},"end":{"line":228,"column":30}},"45":{"start":{"line":229,"column":21},"end":{"line":229,"column":37}},"46":{"start":{"line":232,"column":22},"end":{"line":232,"column":72}},"47":{"start":{"line":234,"column":6},"end":{"line":240,"column":8}},"48":{"start":{"line":242,"column":6},"end":{"line":242,"column":59}},"49":{"start":{"line":243,"column":6},"end":{"line":243,"column":53}},"50":{"start":{"line":253,"column":4},"end":{"line":272,"column":5}},"51":{"start":{"line":256,"column":21},"end":{"line":256,"column":53}},"52":{"start":{"line":257,"column":6},"end":{"line":259,"column":7}},"53":{"start":{"line":258,"column":8},"end":{"line":258,"column":58}},"54":{"start":{"line":262,"column":6},"end":{"line":262,"column":30}},"55":{"start":{"line":263,"column":21},"end":{"line":263,"column":37}},"56":{"start":{"line":266,"column":23},"end":{"line":266,"column":66}},"57":{"start":{"line":268,"column":6},"end":{"line":268,"column":22}},"58":{"start":{"line":270,"column":6},"end":{"line":270,"column":53}},"59":{"start":{"line":271,"column":6},"end":{"line":271,"column":53}},"60":{"start":{"line":289,"column":4},"end":{"line":315,"column":5}},"61":{"start":{"line":292,"column":21},"end":{"line":292,"column":53}},"62":{"start":{"line":293,"column":6},"end":{"line":295,"column":7}},"63":{"start":{"line":294,"column":8},"end":{"line":294,"column":58}},"64":{"start":{"line":298,"column":6},"end":{"line":298,"column":30}},"65":{"start":{"line":299,"column":21},"end":{"line":299,"column":37}},"66":{"start":{"line":302,"column":27},"end":{"line":309,"column":8}},"67":{"start":{"line":311,"column":6},"end":{"line":311,"column":26}},"68":{"start":{"line":313,"column":6},"end":{"line":313,"column":57}},"69":{"start":{"line":314,"column":6},"end":{"line":314,"column":58}},"70":{"start":{"line":330,"column":4},"end":{"line":377,"column":5}},"71":{"start":{"line":333,"column":21},"end":{"line":333,"column":53}},"72":{"start":{"line":334,"column":6},"end":{"line":336,"column":7}},"73":{"start":{"line":335,"column":8},"end":{"line":335,"column":58}},"74":{"start":{"line":339,"column":6},"end":{"line":339,"column":30}},"75":{"start":{"line":340,"column":21},"end":{"line":340,"column":37}},"76":{"start":{"line":344,"column":6},"end":{"line":348,"column":7}},"77":{"start":{"line":345,"column":8},"end":{"line":345,"column":82}},"78":{"start":{"line":347,"column":8},"end":{"line":347,"column":55}},"79":{"start":{"line":351,"column":6},"end":{"line":368,"column":7}},"80":{"start":{"line":354,"column":26},"end":{"line":354,"column":70}},"81":{"start":{"line":356,"column":10},"end":{"line":356,"column":16}},"82":{"start":{"line":359,"column":32},"end":{"line":359,"column":73}},"83":{"start":{"line":361,"column":10},"end":{"line":361,"column":16}},"84":{"start":{"line":364,"column":38},"end":{"line":364,"column":79}},"85":{"start":{"line":366,"column":10},"end":{"line":366,"column":16}},"86":{"start":{"line":370,"column":6},"end":{"line":370,"column":32}},"87":{"start":{"line":372,"column":6},"end":{"line":374,"column":7}},"88":{"start":{"line":373,"column":8},"end":{"line":373,"column":20}},"89":{"start":{"line":375,"column":6},"end":{"line":375,"column":52}},"90":{"start":{"line":376,"column":6},"end":{"line":376,"column":60}},"91":{"start":{"line":393,"column":23},"end":{"line":393,"column":25}},"92":{"start":{"line":395,"column":22},"end":{"line":395,"column":24}},"93":{"start":{"line":397,"column":4},"end":{"line":899,"column":5}},"94":{"start":{"line":398,"column":6},"end":{"line":737,"column":7}},"95":{"start":{"line":399,"column":8},"end":{"line":499,"column":2}},"96":{"start":{"line":501,"column":8},"end":{"line":557,"column":2}},"97":{"start":{"line":558,"column":13},"end":{"line":737,"column":7}},"98":{"start":{"line":559,"column":8},"end":{"line":677,"column":2}},"99":{"start":{"line":680,"column":8},"end":{"line":736,"column":2}},"100":{"start":{"line":738,"column":11},"end":{"line":899,"column":5}},"101":{"start":{"line":740,"column":6},"end":{"line":795,"column":2}},"102":{"start":{"line":798,"column":6},"end":{"line":898,"column":2}},"103":{"start":{"line":901,"column":4},"end":{"line":904,"column":6}},"104":{"start":{"line":9,"column":0},"end":{"line":9,"column":13}}},"fnMap":{"0":{"name":"(anonymous_1)","decl":{"start":{"line":9,"column":0},"end":{"line":9,"column":13}},"loc":{"start":{"line":9,"column":0},"end":{"line":906,"column":1}}},"1":{"name":"(anonymous_2)","decl":{"start":{"line":17,"column":2},"end":{"line":17,"column":8}},"loc":{"start":{"line":17,"column":20},"end":{"line":22,"column":3}}},"2":{"name":"(anonymous_3)","decl":{"start":{"line":28,"column":2},"end":{"line":28,"column":12}},"loc":{"start":{"line":28,"column":27},"end":{"line":35,"column":3}}},"3":{"name":"(anonymous_4)","decl":{"start":{"line":41,"column":2},"end":{"line":41,"column":11}},"loc":{"start":{"line":41,"column":11},"end":{"line":46,"column":3}}},"4":{"name":"(anonymous_5)","decl":{"start":{"line":56,"column":2},"end":{"line":56,"column":7}},"loc":{"start":{"line":60,"column":26},"end":{"line":129,"column":3}}},"5":{"name":"(anonymous_6)","decl":{"start":{"line":139,"column":2},"end":{"line":139,"column":7}},"loc":{"start":{"line":143,"column":41},"end":{"line":211,"column":3}}},"6":{"name":"(anonymous_7)","decl":{"start":{"line":218,"column":2},"end":{"line":218,"column":7}},"loc":{"start":{"line":218,"column":44},"end":{"line":245,"column":3}}},"7":{"name":"(anonymous_8)","decl":{"start":{"line":252,"column":2},"end":{"line":252,"column":7}},"loc":{"start":{"line":252,"column":38},"end":{"line":273,"column":3}}},"8":{"name":"(anonymous_9)","decl":{"start":{"line":283,"column":2},"end":{"line":283,"column":7}},"loc":{"start":{"line":287,"column":41},"end":{"line":316,"column":3}}},"9":{"name":"(anonymous_10)","decl":{"start":{"line":325,"column":2},"end":{"line":325,"column":7}},"loc":{"start":{"line":328,"column":25},"end":{"line":378,"column":3}}},"10":{"name":"(anonymous_11)","decl":{"start":{"line":387,"column":2},"end":{"line":387,"column":31}},"loc":{"start":{"line":390,"column":31},"end":{"line":905,"column":3}}}},"branchMap":{"0":{"loc":{"start":{"line":18,"column":4},"end":{"line":20,"column":5}},"type":"if","locations":[{"start":{"line":18,"column":4},"end":{"line":20,"column":5}}]},"1":{"loc":{"start":{"line":29,"column":4},"end":{"line":31,"column":5}},"type":"if","locations":[{"start":{"line":29,"column":4},"end":{"line":31,"column":5}}]},"2":{"loc":{"start":{"line":42,"column":4},"end":{"line":44,"column":5}},"type":"if","locations":[{"start":{"line":42,"column":4},"end":{"line":44,"column":5}}]},"3":{"loc":{"start":{"line":68,"column":6},"end":{"line":70,"column":7}},"type":"if","locations":[{"start":{"line":68,"column":6},"end":{"line":70,"column":7}}]},"4":{"loc":{"start":{"line":73,"column":6},"end":{"line":75,"column":7}},"type":"if","locations":[{"start":{"line":73,"column":6},"end":{"line":75,"column":7}}]},"5":{"loc":{"start":{"line":123,"column":6},"end":{"line":125,"column":7}},"type":"if","locations":[{"start":{"line":123,"column":6},"end":{"line":125,"column":7}}]},"6":{"loc":{"start":{"line":142,"column":4},"end":{"line":142,"column":28}},"type":"default-arg","locations":[{"start":{"line":142,"column":23},"end":{"line":142,"column":28}}]},"7":{"loc":{"start":{"line":143,"column":4},"end":{"line":143,"column":41}},"type":"default-arg","locations":[{"start":{"line":143,"column":39},"end":{"line":143,"column":41}}]},"8":{"loc":{"start":{"line":167,"column":21},"end":{"line":167,"column":53}},"type":"binary-expr","locations":[{"start":{"line":167,"column":21},"end":{"line":167,"column":47}},{"start":{"line":167,"column":51},"end":{"line":167,"column":53}}]},"9":{"loc":{"start":{"line":168,"column":6},"end":{"line":170,"column":7}},"type":"if","locations":[{"start":{"line":168,"column":6},"end":{"line":170,"column":7}}]},"10":{"loc":{"start":{"line":205,"column":6},"end":{"line":207,"column":7}},"type":"if","locations":[{"start":{"line":205,"column":6},"end":{"line":207,"column":7}}]},"11":{"loc":{"start":{"line":222,"column":21},"end":{"line":222,"column":53}},"type":"binary-expr","locations":[{"start":{"line":222,"column":21},"end":{"line":222,"column":47}},{"start":{"line":222,"column":51},"end":{"line":222,"column":53}}]},"12":{"loc":{"start":{"line":223,"column":6},"end":{"line":225,"column":7}},"type":"if","locations":[{"start":{"line":223,"column":6},"end":{"line":225,"column":7}}]},"13":{"loc":{"start":{"line":256,"column":21},"end":{"line":256,"column":53}},"type":"binary-expr","locations":[{"start":{"line":256,"column":21},"end":{"line":256,"column":47}},{"start":{"line":256,"column":51},"end":{"line":256,"column":53}}]},"14":{"loc":{"start":{"line":257,"column":6},"end":{"line":259,"column":7}},"type":"if","locations":[{"start":{"line":257,"column":6},"end":{"line":259,"column":7}}]},"15":{"loc":{"start":{"line":287,"column":4},"end":{"line":287,"column":41}},"type":"default-arg","locations":[{"start":{"line":287,"column":39},"end":{"line":287,"column":41}}]},"16":{"loc":{"start":{"line":292,"column":21},"end":{"line":292,"column":53}},"type":"binary-expr","locations":[{"start":{"line":292,"column":21},"end":{"line":292,"column":47}},{"start":{"line":292,"column":51},"end":{"line":292,"column":53}}]},"17":{"loc":{"start":{"line":293,"column":6},"end":{"line":295,"column":7}},"type":"if","locations":[{"start":{"line":293,"column":6},"end":{"line":295,"column":7}}]},"18":{"loc":{"start":{"line":333,"column":21},"end":{"line":333,"column":53}},"type":"binary-expr","locations":[{"start":{"line":333,"column":21},"end":{"line":333,"column":47}},{"start":{"line":333,"column":51},"end":{"line":333,"column":53}}]},"19":{"loc":{"start":{"line":334,"column":6},"end":{"line":336,"column":7}},"type":"if","locations":[{"start":{"line":334,"column":6},"end":{"line":336,"column":7}}]},"20":{"loc":{"start":{"line":351,"column":6},"end":{"line":368,"column":7}},"type":"switch","locations":[{"start":{"line":352,"column":8},"end":{"line":356,"column":16}},{"start":{"line":357,"column":8},"end":{"line":361,"column":16}},{"start":{"line":362,"column":8},"end":{"line":366,"column":16}}]},"21":{"loc":{"start":{"line":372,"column":6},"end":{"line":374,"column":7}},"type":"if","locations":[{"start":{"line":372,"column":6},"end":{"line":374,"column":7}}]},"22":{"loc":{"start":{"line":389,"column":4},"end":{"line":389,"column":35}},"type":"default-arg","locations":[{"start":{"line":389,"column":23},"end":{"line":389,"column":35}}]},"23":{"loc":{"start":{"line":390,"column":4},"end":{"line":390,"column":31}},"type":"default-arg","locations":[{"start":{"line":390,"column":24},"end":{"line":390,"column":31}}]},"24":{"loc":{"start":{"line":397,"column":4},"end":{"line":899,"column":5}},"type":"if","locations":[{"start":{"line":397,"column":4},"end":{"line":899,"column":5}},{"start":{"line":738,"column":11},"end":{"line":899,"column":5}}]},"25":{"loc":{"start":{"line":397,"column":8},"end":{"line":397,"column":62}},"type":"binary-expr","locations":[{"start":{"line":397,"column":8},"end":{"line":397,"column":33}},{"start":{"line":397,"column":37},"end":{"line":397,"column":62}}]},"26":{"loc":{"start":{"line":398,"column":6},"end":{"line":737,"column":7}},"type":"if","locations":[{"start":{"line":398,"column":6},"end":{"line":737,"column":7}},{"start":{"line":558,"column":13},"end":{"line":737,"column":7}}]},"27":{"loc":{"start":{"line":558,"column":13},"end":{"line":737,"column":7}},"type":"if","locations":[{"start":{"line":558,"column":13},"end":{"line":737,"column":7}}]},"28":{"loc":{"start":{"line":738,"column":11},"end":{"line":899,"column":5}},"type":"if","locations":[{"start":{"line":738,"column":11},"end":{"line":899,"column":5}}]}},"s":{"0":1,"1":1,"2":1,"3":2,"4":19,"5":1,"6":19,"7":29,"8":2,"9":27,"10":18,"11":2,"12":16,"13":0,"14":0,"15":0,"16":0,"17":0,"18":0,"19":0,"20":0,"21":0,"22":0,"23":0,"24":0,"25":0,"26":0,"27":0,"28":3,"29":3,"30":3,"31":0,"32":3,"33":3,"34":3,"35":1,"36":2,"37":0,"38":2,"39":2,"40":3,"41":3,"42":3,"43":0,"44":3,"45":3,"46":3,"47":1,"48":2,"49":2,"50":3,"51":3,"52":3,"53":0,"54":3,"55":3,"56":3,"57":1,"58":2,"59":2,"60":3,"61":3,"62":3,"63":0,"64":3,"65":3,"66":3,"67":1,"68":2,"69":2,"70":3,"71":3,"72":3,"73":0,"74":3,"75":3,"76":3,"77":3,"78":2,"79":1,"80":1,"81":1,"82":0,"83":0,"84":0,"85":0,"86":1,"87":2,"88":2,"89":0,"90":0,"91":2,"92":2,"93":2,"94":2,"95":1,"96":1,"97":1,"98":1,"99":1,"100":0,"101":0,"102":0,"103":2,"104":1},"f":{"0":2,"1":19,"2":29,"3":18,"4":0,"5":3,"6":3,"7":3,"8":3,"9":3,"10":2},"b":{"0":[1],"1":[2],"2":[2],"3":[0],"4":[0],"5":[0],"6":[2],"7":[2],"8":[3,0],"9":[0],"10":[0],"11":[3,0],"12":[0],"13":[3,0],"14":[0],"15":[2],"16":[3,0],"17":[0],"18":[3,0],"19":[0],"20":[1,0,0],"21":[2],"22":[0],"23":[0],"24":[2,0],"25":[2,0],"26":[1,1],"27":[1],"28":[0]}}
,"/Users/horidaisuke/open_replit_agent/backend/src/services/template/template.service.ts": {"path":"/Users/horidaisuke/open_replit_agent/backend/src/services/template/template.service.ts","statementMap":{"0":{"start":{"line":2,"column":0},"end":{"line":2,"column":24}},"1":{"start":{"line":3,"column":0},"end":{"line":3,"column":37}},"2":{"start":{"line":4,"column":0},"end":{"line":4,"column":62}},"3":{"start":{"line":30,"column":4},"end":{"line":103,"column":6}},"4":{"start":{"line":112,"column":22},"end":{"line":112,"column":47}},"5":{"start":{"line":113,"column":21},"end":{"line":113,"column":63}},"6":{"start":{"line":113,"column":43},"end":{"line":113,"column":62}},"7":{"start":{"line":115,"column":4},"end":{"line":117,"column":5}},"8":{"start":{"line":116,"column":6},"end":{"line":116,"column":48}},"9":{"start":{"line":120,"column":37},"end":{"line":125,"column":6}},"10":{"start":{"line":128,"column":4},"end":{"line":182,"column":5}},"11":{"start":{"line":130,"column":8},"end":{"line":135,"column":10}},"12":{"start":{"line":136,"column":8},"end":{"line":144,"column":10}},"13":{"start":{"line":145,"column":8},"end":{"line":151,"column":10}},"14":{"start":{"line":152,"column":8},"end":{"line":152,"column":14}},"15":{"start":{"line":155,"column":8},"end":{"line":160,"column":10}},"16":{"start":{"line":161,"column":8},"end":{"line":170,"column":10}},"17":{"start":{"line":171,"column":8},"end":{"line":178,"column":10}},"18":{"start":{"line":179,"column":8},"end":{"line":179,"column":14}},"19":{"start":{"line":184,"column":4},"end":{"line":184,"column":19}},"20":{"start":{"line":201,"column":4},"end":{"line":252,"column":5}},"21":{"start":{"line":203,"column":24},"end":{"line":203,"column":49}},"22":{"start":{"line":204,"column":23},"end":{"line":204,"column":65}},"23":{"start":{"line":204,"column":45},"end":{"line":204,"column":64}},"24":{"start":{"line":206,"column":6},"end":{"line":208,"column":7}},"25":{"start":{"line":207,"column":8},"end":{"line":207,"column":50}},"26":{"start":{"line":211,"column":22},"end":{"line":218,"column":8}},"27":{"start":{"line":221,"column":28},"end":{"line":221,"column":67}},"28":{"start":{"line":224,"column":22},"end":{"line":232,"column":8}},"29":{"start":{"line":235,"column":6},"end":{"line":246,"column":7}},"30":{"start":{"line":236,"column":8},"end":{"line":245,"column":11}},"31":{"start":{"line":248,"column":6},"end":{"line":248,"column":21}},"32":{"start":{"line":250,"column":6},"end":{"line":250,"column":63}},"33":{"start":{"line":251,"column":6},"end":{"line":251,"column":58}},"34":{"start":{"line":263,"column":34},"end":{"line":263,"column":36}},"35":{"start":{"line":265,"column":4},"end":{"line":830,"column":5}},"36":{"start":{"line":267,"column":8},"end":{"line":492,"column":10}},"37":{"start":{"line":493,"column":8},"end":{"line":493,"column":14}},"38":{"start":{"line":497,"column":8},"end":{"line":826,"column":10}},"39":{"start":{"line":827,"column":8},"end":{"line":827,"column":14}},"40":{"start":{"line":832,"column":4},"end":{"line":832,"column":17}},"41":{"start":{"line":10,"column":0},"end":{"line":10,"column":13}},"42":{"start":{"line":12,"column":18},"end":{"line":22,"column":4}}},"fnMap":{"0":{"name":"(anonymous_1)","decl":{"start":{"line":28,"column":2},"end":{"line":28,"column":8}},"loc":{"start":{"line":28,"column":27},"end":{"line":104,"column":3}}},"1":{"name":"(anonymous_2)","decl":{"start":{"line":111,"column":2},"end":{"line":111,"column":8}},"loc":{"start":{"line":111,"column":52},"end":{"line":185,"column":3}}},"2":{"name":"(anonymous_3)","decl":{"start":{"line":113,"column":36},"end":{"line":113,"column":37}},"loc":{"start":{"line":113,"column":43},"end":{"line":113,"column":62}}},"3":{"name":"(anonymous_4)","decl":{"start":{"line":195,"column":2},"end":{"line":195,"column":8}},"loc":{"start":{"line":199,"column":24},"end":{"line":253,"column":3}}},"4":{"name":"(anonymous_5)","decl":{"start":{"line":204,"column":38},"end":{"line":204,"column":39}},"loc":{"start":{"line":204,"column":45},"end":{"line":204,"column":64}}},"5":{"name":"(anonymous_6)","decl":{"start":{"line":260,"column":10},"end":{"line":260,"column":16}},"loc":{"start":{"line":260,"column":58},"end":{"line":833,"column":3}}}},"branchMap":{"0":{"loc":{"start":{"line":115,"column":4},"end":{"line":117,"column":5}},"type":"if","locations":[{"start":{"line":115,"column":4},"end":{"line":117,"column":5}}]},"1":{"loc":{"start":{"line":128,"column":4},"end":{"line":182,"column":5}},"type":"switch","locations":[{"start":{"line":129,"column":6},"end":{"line":152,"column":14}},{"start":{"line":154,"column":6},"end":{"line":179,"column":14}}]},"2":{"loc":{"start":{"line":206,"column":6},"end":{"line":208,"column":7}},"type":"if","locations":[{"start":{"line":206,"column":6},"end":{"line":208,"column":7}}]},"3":{"loc":{"start":{"line":265,"column":4},"end":{"line":830,"column":5}},"type":"switch","locations":[{"start":{"line":266,"column":6},"end":{"line":493,"column":14}},{"start":{"line":496,"column":6},"end":{"line":827,"column":14}}]}},"s":{"0":0,"1":0,"2":0,"3":0,"4":0,"5":0,"6":0,"7":0,"8":0,"9":0,"10":0,"11":0,"12":0,"13":0,"14":0,"15":0,"16":0,"17":0,"18":0,"19":0,"20":0,"21":0,"22":0,"23":0,"24":0,"25":0,"26":0,"27":0,"28":0,"29":0,"30":0,"31":0,"32":0,"33":0,"34":0,"35":0,"36":0,"37":0,"38":0,"39":0,"40":0,"41":0,"42":0},"f":{"0":0,"1":0,"2":0,"3":0,"4":0,"5":0},"b":{"0":[0],"1":[0,0],"2":[0],"3":[0,0]}}
}
