TN:
SF:src/controllers/chat.controller.ts
FN:11,(anonymous_1)
FN:39,(anonymous_2)
FN:85,(anonymous_3)
FN:128,(anonymous_4)
FN:164,(anonymous_5)
FN:188,(anonymous_6)
FN:224,(anonymous_7)
FNF:7
FNH:0
FNDA:0,(anonymous_1)
FNDA:0,(anonymous_2)
FNDA:0,(anonymous_3)
FNDA:0,(anonymous_4)
FNDA:0,(anonymous_5)
FNDA:0,(anonymous_6)
FNDA:0,(anonymous_7)
DA:2,0
DA:3,0
DA:4,0
DA:6,0
DA:10,0
DA:12,0
DA:13,0
DA:15,0
DA:16,0
DA:20,0
DA:30,0
DA:38,0
DA:40,0
DA:41,0
DA:42,0
DA:44,0
DA:45,0
DA:49,0
DA:53,0
DA:54,0
DA:58,0
DA:68,0
DA:79,0
DA:81,0
DA:85,0
DA:92,0
DA:95,0
DA:104,0
DA:109,0
DA:112,0
DA:121,0
DA:127,0
DA:129,0
DA:130,0
DA:131,0
DA:133,0
DA:134,0
DA:138,0
DA:142,0
DA:143,0
DA:147,0
DA:158,0
DA:160,0
DA:164,0
DA:173,0
DA:175,0
DA:180,0
DA:181,0
DA:187,0
DA:189,0
DA:190,0
DA:191,0
DA:193,0
DA:194,0
DA:198,0
DA:202,0
DA:203,0
DA:207,0
DA:209,0
DA:211,0
DA:216,0
DA:217,0
DA:223,0
DA:225,0
DA:226,0
DA:227,0
DA:229,0
DA:230,0
DA:234,0
DA:238,0
DA:239,0
DA:242,0
DA:244,0
DA:245,0
DA:247,0
DA:250,0
DA:251,0
DA:253,0
DA:258,0
DA:261,0
DA:268,0
DA:270,0
DA:279,0
DA:280,0
DA:283,0
DA:284,0
DA:285,0
DA:293,0
DA:295,0
DA:304,0
DA:306,0
DA:311,0
DA:323,0
DA:332,0
DA:333,0
LF:95
LH:0
BRDA:15,0,0,0
BRDA:44,1,0,0
BRDA:53,2,0,0
BRDA:84,3,0,0
BRDA:84,3,1,0
BRDA:133,4,0,0
BRDA:142,5,0,0
BRDA:163,6,0,0
BRDA:163,6,1,0
BRDA:193,7,0,0
BRDA:202,8,0,0
BRDA:229,9,0,0
BRDA:238,10,0,0
BRDA:245,11,0,0
BRDA:247,12,0,0
BRDA:247,12,1,0
BRDA:250,13,0,0
BRDA:250,13,1,0
BRDA:250,14,0,0
BRDA:250,14,1,0
BRDA:258,15,0,0
BRDA:258,15,1,0
BRDA:268,16,0,0
BRDA:268,16,1,0
BRDA:284,17,0,0
BRDA:293,18,0,0
BRDA:293,18,1,0
BRF:27
BRH:0
end_of_record
TN:
SF:src/controllers/deploy.controller.ts
FN:8,(anonymous_0)
FN:57,(anonymous_1)
FN:94,(anonymous_2)
FN:125,(anonymous_3)
FNF:4
FNH:0
FNDA:0,(anonymous_0)
FNDA:0,(anonymous_1)
FNDA:0,(anonymous_2)
FNDA:0,(anonymous_3)
DA:2,0
DA:3,0
DA:4,0
DA:7,0
DA:9,0
DA:10,0
DA:12,0
DA:13,0
DA:17,0
DA:21,0
DA:22,0
DA:26,0
DA:33,0
DA:35,0
DA:37,0
DA:43,0
DA:50,0
DA:56,0
DA:58,0
DA:59,0
DA:61,0
DA:62,0
DA:66,0
DA:70,0
DA:71,0
DA:75,0
DA:76,0
DA:79,0
DA:93,0
DA:95,0
DA:96,0
DA:98,0
DA:99,0
DA:103,0
DA:107,0
DA:108,0
DA:112,0
DA:113,0
DA:116,0
DA:124,0
DA:126,0
DA:127,0
DA:129,0
DA:130,0
DA:134,0
DA:138,0
DA:139,0
DA:143,0
DA:155,0
LF:49
LH:0
BRDA:12,0,0,0
BRDA:21,1,0,0
BRDA:61,2,0,0
BRDA:70,3,0,0
BRDA:75,4,0,0
BRDA:98,5,0,0
BRDA:107,6,0,0
BRDA:112,7,0,0
BRDA:118,8,0,0
BRDA:118,8,1,0
BRDA:129,9,0,0
BRDA:138,10,0,0
BRF:12
BRH:0
end_of_record
TN:
SF:src/controllers/github.controller.ts
FN:9,(anonymous_1)
FN:49,(anonymous_2)
FN:95,(anonymous_3)
FN:137,(anonymous_4)
FN:204,(anonymous_5)
FN:266,(anonymous_6)
FNF:6
FNH:0
FNDA:0,(anonymous_1)
FNDA:0,(anonymous_2)
FNDA:0,(anonymous_3)
FNDA:0,(anonymous_4)
FNDA:0,(anonymous_5)
FNDA:0,(anonymous_6)
DA:2,0
DA:4,0
DA:5,0
DA:8,0
DA:10,0
DA:12,0
DA:13,0
DA:16,0
DA:18,0
DA:32,0
DA:34,0
DA:35,0
DA:39,0
DA:41,0
DA:42,0
DA:48,0
DA:50,0
DA:51,0
DA:53,0
DA:54,0
DA:57,0
DA:58,0
DA:61,0
DA:63,0
DA:81,0
DA:87,0
DA:88,0
DA:94,0
DA:96,0
DA:98,0
DA:99,0
DA:102,0
DA:120,0
DA:121,0
DA:123,0
DA:129,0
DA:130,0
DA:136,0
DA:138,0
DA:139,0
DA:140,0
DA:142,0
DA:143,0
DA:146,0
DA:166,0
DA:196,0
DA:197,0
DA:203,0
DA:205,0
DA:207,0
DA:208,0
DA:211,0
DA:251,0
DA:253,0
DA:258,0
DA:259,0
DA:265,0
DA:267,0
DA:268,0
DA:269,0
DA:271,0
DA:272,0
DA:275,0
DA:330,0
DA:340,0
DA:341,0
LF:66
LH:0
BRDA:12,0,0,0
BRDA:34,1,0,0
BRDA:53,2,0,0
BRDA:57,3,0,0
BRDA:98,4,0,0
BRDA:142,5,0,0
BRDA:207,6,0,0
BRDA:271,7,0,0
BRF:8
BRH:0
end_of_record
TN:
SF:src/controllers/project.controller.ts
FN:8,(anonymous_0)
FN:31,(anonymous_1)
FN:39,(anonymous_2)
FN:53,(anonymous_3)
FN:165,(anonymous_4)
FN:195,(anonymous_5)
FN:217,(anonymous_6)
FN:234,(anonymous_7)
FN:261,(anonymous_8)
FN:340,(anonymous_9)
FN:381,buildFileTree
FN:386,(anonymous_11)
FN:391,(anonymous_12)
FNF:13
FNH:0
FNDA:0,(anonymous_0)
FNDA:0,(anonymous_1)
FNDA:0,(anonymous_2)
FNDA:0,(anonymous_3)
FNDA:0,(anonymous_4)
FNDA:0,(anonymous_5)
FNDA:0,(anonymous_6)
FNDA:0,(anonymous_7)
FNDA:0,(anonymous_8)
FNDA:0,(anonymous_9)
FNDA:0,buildFileTree
FNDA:0,(anonymous_11)
FNDA:0,(anonymous_12)
DA:2,0
DA:3,0
DA:7,0
DA:9,0
DA:11,0
DA:12,0
DA:16,0
DA:21,0
DA:30,0
DA:31,0
DA:38,0
DA:39,0
DA:43,0
DA:52,0
DA:54,0
DA:55,0
DA:57,0
DA:58,0
DA:62,0
DA:71,0
DA:82,0
DA:108,0
DA:140,0
DA:156,0
DA:164,0
DA:166,0
DA:169,0
DA:173,0
DA:174,0
DA:178,0
DA:183,0
DA:185,0
DA:194,0
DA:196,0
DA:197,0
DA:200,0
DA:208,0
DA:216,0
DA:218,0
DA:221,0
DA:225,0
DA:233,0
DA:235,0
DA:238,0
DA:251,0
DA:260,0
DA:262,0
DA:263,0
DA:264,0
DA:266,0
DA:267,0
DA:271,0
DA:275,0
DA:276,0
DA:279,0
DA:280,0
DA:286,0
DA:290,0
DA:291,0
DA:295,0
DA:296,0
DA:300,0
DA:309,0
DA:310,0
DA:314,0
DA:331,0
DA:339,0
DA:341,0
DA:342,0
DA:344,0
DA:345,0
DA:349,0
DA:353,0
DA:354,0
DA:357,0
DA:358,0
DA:364,0
DA:373,0
DA:382,0
DA:383,0
DA:386,0
DA:387,0
DA:391,0
DA:392,0
DA:393,0
DA:394,0
DA:395,0
DA:396,0
DA:399,0
DA:403,0
LF:90
LH:0
BRDA:11,0,0,0
BRDA:57,1,0,0
BRDA:173,2,0,0
BRDA:266,3,0,0
BRDA:275,4,0,0
BRDA:279,5,0,0
BRDA:290,6,0,0
BRDA:295,7,0,0
BRDA:309,8,0,0
BRDA:344,9,0,0
BRDA:353,10,0,0
BRDA:357,11,0,0
BRDA:393,12,0,0
BRDA:393,12,1,0
BRDA:395,13,0,0
BRF:15
BRH:0
end_of_record
TN:
SF:src/controllers/template.controller.ts
FN:8,(anonymous_0)
FN:21,(anonymous_1)
FN:39,(anonymous_2)
FNF:3
FNH:0
FNDA:0,(anonymous_0)
FNDA:0,(anonymous_1)
FNDA:0,(anonymous_2)
DA:2,0
DA:3,0
DA:4,0
DA:7,0
DA:9,0
DA:11,0
DA:20,0
DA:22,0
DA:24,0
DA:25,0
DA:28,0
DA:30,0
DA:38,0
DA:40,0
DA:41,0
DA:43,0
DA:44,0
DA:48,0
DA:55,0
DA:56,0
DA:60,0
DA:67,0
LF:22
LH:0
BRDA:24,0,0,0
BRDA:43,1,0,0
BRDA:55,2,0,0
BRF:3
BRH:0
end_of_record
TN:
SF:src/middlewares/auth.middleware.ts
FN:27,(anonymous_1)
FN:86,(anonymous_2)
FN:134,(anonymous_3)
FNF:3
FNH:0
FNDA:0,(anonymous_1)
FNDA:0,(anonymous_2)
FNDA:0,(anonymous_3)
DA:2,0
DA:3,0
DA:4,0
DA:27,0
DA:32,0
DA:35,0
DA:39,0
DA:43,0
DA:44,0
DA:50,0
DA:56,0
DA:65,0
DA:66,0
DA:72,0
DA:73,0
DA:75,0
DA:76,0
DA:78,0
DA:79,0
DA:81,0
DA:86,0
DA:91,0
DA:92,0
DA:93,0
DA:95,0
DA:96,0
DA:100,0
DA:104,0
DA:105,0
DA:109,0
DA:111,0
DA:120,0
DA:121,0
DA:127,0
DA:129,0
DA:134,0
DA:139,0
DA:142,0
DA:144,0
LF:39
LH:0
BRDA:35,0,0,0
BRDA:36,1,0,0
BRDA:36,1,1,0
BRDA:43,2,0,0
BRDA:65,3,0,0
BRDA:75,4,0,0
BRDA:78,5,0,0
BRDA:95,6,0,0
BRDA:104,7,0,0
BRDA:109,8,0,0
BRDA:120,9,0,0
BRF:11
BRH:0
end_of_record
TN:
SF:src/middlewares/error.middleware.ts
FN:9,(anonymous_0)
FN:20,(anonymous_1)
FN:58,(anonymous_2)
FN:59,(anonymous_3)
FNF:4
FNH:1
FNDA:45,(anonymous_0)
FNDA:0,(anonymous_1)
FNDA:0,(anonymous_2)
FNDA:0,(anonymous_3)
DA:4,7
DA:10,45
DA:11,45
DA:12,45
DA:13,45
DA:15,45
DA:20,7
DA:27,0
DA:28,0
DA:29,0
DA:32,0
DA:33,0
DA:42,0
DA:43,0
DA:50,0
DA:51,0
DA:58,7
DA:59,0
DA:60,0
LF:19
LH:8
BRDA:12,0,0,20
BRDA:12,0,1,25
BRDA:28,1,0,0
BRDA:28,1,1,0
BRDA:29,2,0,0
BRDA:29,2,1,0
BRDA:32,3,0,0
BRDA:42,4,0,0
BRF:8
BRH:2
end_of_record
TN:
SF:src/routes/auth.routes.ts
FNF:0
FNH:0
DA:1,0
DA:2,0
DA:3,0
DA:4,0
DA:6,0
DA:9,0
DA:28,0
DA:41,0
DA:42,0
DA:43,0
DA:44,0
DA:45,0
DA:46,0
DA:48,0
LF:14
LH:0
BRF:0
BRH:0
end_of_record
TN:
SF:src/routes/chat.routes.ts
FNF:0
FNH:0
DA:1,0
DA:2,0
DA:3,0
DA:4,0
DA:5,0
DA:7,0
DA:10,0
DA:19,0
DA:22,0
DA:31,0
DA:48,0
DA:64,0
DA:79,0
LF:13
LH:0
BRF:0
BRH:0
end_of_record
TN:
SF:src/routes/deploy.routes.ts
FNF:0
FNH:0
DA:1,0
DA:2,0
DA:3,0
DA:5,0
DA:8,0
DA:9,0
DA:10,0
DA:11,0
DA:13,0
LF:9
LH:0
BRF:0
BRH:0
end_of_record
TN:
SF:src/routes/github.routes.ts
FNF:0
FNH:0
DA:1,0
DA:2,0
DA:3,0
DA:4,0
DA:5,0
DA:7,0
DA:10,0
DA:11,0
DA:12,0
DA:15,0
DA:27,0
DA:33,0
DA:46,0
LF:13
LH:0
BRF:0
BRH:0
end_of_record
TN:
SF:src/routes/project.routes.ts
FNF:0
FNH:0
DA:1,0
DA:2,0
DA:3,0
DA:4,0
DA:5,0
DA:7,0
DA:10,0
DA:23,0
DA:24,0
DA:25,0
DA:26,0
DA:33,0
DA:36,0
DA:41,0
DA:51,0
DA:57,0
LF:16
LH:0
BRF:0
BRH:0
end_of_record
TN:
SF:src/routes/template.routes.ts
FNF:0
FNH:0
DA:1,0
DA:2,0
DA:3,0
DA:4,0
DA:5,0
DA:7,0
DA:10,0
DA:13,0
DA:16,0
DA:32,0
LF:10
LH:0
BRF:0
BRH:0
end_of_record
TN:
SF:src/services/ai/openai.service.ts
FN:20,(anonymous_1)
FN:51,(anonymous_2)
FN:82,(anonymous_3)
FN:113,(anonymous_4)
FN:118,(anonymous_5)
FNF:5
FNH:0
FNDA:0,(anonymous_1)
FNDA:0,(anonymous_2)
FNDA:0,(anonymous_3)
FNDA:0,(anonymous_4)
FNDA:0,(anonymous_5)
DA:1,0
DA:2,0
DA:5,0
DA:13,0
DA:21,0
DA:23,0
DA:26,0
DA:37,0
DA:38,0
DA:40,0
DA:41,0
DA:52,0
DA:53,0
DA:69,0
DA:70,0
DA:72,0
DA:73,0
DA:83,0
DA:84,0
DA:100,0
DA:101,0
DA:103,0
DA:104,0
DA:114,0
DA:117,0
DA:118,0
DA:122,0
DA:124,0
LF:28
LH:0
BRDA:37,0,0,0
BRDA:37,0,1,0
BRDA:69,1,0,0
BRDA:69,1,1,0
BRDA:100,2,0,0
BRDA:100,2,1,0
BRDA:118,3,0,0
BRDA:118,3,1,0
BRDA:122,4,0,0
BRDA:122,4,1,0
BRDA:122,5,0,0
BRDA:122,5,1,0
BRDA:130,6,0,0
BRDA:130,6,1,0
BRF:14
BRH:0
end_of_record
TN:
SF:src/services/ai-provider/ai-preset.service.ts
FN:16,(anonymous_0)
FN:97,(anonymous_1)
FN:121,(anonymous_2)
FN:143,(anonymous_3)
FN:147,(anonymous_4)
FN:191,(anonymous_5)
FN:238,(anonymous_6)
FN:274,(anonymous_7)
FNF:8
FNH:8
FNDA:9,(anonymous_0)
FNDA:8,(anonymous_1)
FNDA:14,(anonymous_2)
FNDA:3,(anonymous_3)
FNDA:9,(anonymous_4)
FNDA:1,(anonymous_5)
FNDA:2,(anonymous_6)
FNDA:1,(anonymous_7)
DA:3,1
DA:4,1
DA:10,1
DA:17,9
DA:38,9
DA:86,0
DA:87,0
DA:98,8
DA:120,8
DA:121,14
DA:123,8
DA:124,2
DA:127,6
DA:129,2
DA:130,2
DA:132,0
DA:133,0
DA:144,3
DA:146,3
DA:147,9
DA:148,2
DA:166,1
DA:174,1
DA:176,2
DA:177,2
DA:179,0
DA:180,0
DA:192,1
DA:194,1
DA:197,1
DA:198,0
DA:217,1
DA:223,1
DA:225,0
DA:226,0
DA:228,0
DA:229,0
DA:239,2
DA:241,2
DA:244,2
DA:245,0
DA:259,0
DA:260,0
DA:262,0
DA:263,0
DA:275,1
DA:277,1
DA:280,1
DA:281,0
DA:300,1
DA:306,1
DA:308,0
DA:309,0
DA:311,0
DA:312,0
LF:55
LH:34
BRDA:123,0,0,2
BRDA:129,1,0,2
BRDA:147,2,0,2
BRDA:176,3,0,2
BRDA:197,4,0,0
BRDA:225,5,0,0
BRDA:244,6,0,0
BRDA:259,7,0,0
BRDA:280,8,0,0
BRDA:308,9,0,0
BRF:10
BRH:4
end_of_record
TN:
SF:src/services/ai-provider/ai-provider-factory.ts
FN:18,(anonymous_0)
FN:65,(anonymous_1)
FN:79,(anonymous_2)
FNF:3
FNH:3
FNDA:8,(anonymous_0)
FNDA:1,(anonymous_1)
FNDA:6,(anonymous_2)
DA:2,1
DA:3,1
DA:4,1
DA:5,1
DA:6,1
DA:12,1
DA:19,8
DA:21,1
DA:29,1
DA:36,1
DA:44,3
DA:45,3
DA:46,2
DA:48,1
DA:57,2
DA:66,1
DA:80,6
DA:82,1
DA:89,1
DA:96,1
DA:103,1
DA:111,2
LF:22
LH:22
BRDA:19,0,0,1
BRDA:19,0,1,1
BRDA:19,0,2,1
BRDA:19,0,3,3
BRDA:19,0,4,2
BRDA:45,1,0,2
BRDA:45,2,0,3
BRDA:45,2,1,3
BRDA:51,3,0,1
BRDA:51,3,1,0
BRDA:80,4,0,1
BRDA:80,4,1,1
BRDA:80,4,2,1
BRDA:80,4,3,1
BRDA:80,4,4,2
BRF:15
BRH:14
end_of_record
TN:
SF:src/services/ai-provider/anthropic-provider.ts
FN:63,(anonymous_1)
FN:83,(anonymous_2)
FN:99,(anonymous_3)
FN:115,(anonymous_4)
FN:131,(anonymous_5)
FN:148,(anonymous_6)
FN:164,(anonymous_7)
FN:181,(anonymous_8)
FN:197,(anonymous_9)
FN:213,(anonymous_10)
FN:229,(anonymous_11)
FN:245,(anonymous_12)
FN:262,(anonymous_13)
FNF:13
FNH:13
FNDA:17,(anonymous_1)
FNDA:8,(anonymous_2)
FNDA:1,(anonymous_3)
FNDA:1,(anonymous_4)
FNDA:1,(anonymous_5)
FNDA:1,(anonymous_6)
FNDA:1,(anonymous_7)
FNDA:1,(anonymous_8)
FNDA:1,(anonymous_9)
FNDA:1,(anonymous_10)
FNDA:1,(anonymous_11)
FNDA:1,(anonymous_12)
FNDA:18,(anonymous_13)
DA:1,2
DA:3,2
DA:8,2
DA:9,17
DA:10,17
DA:20,17
DA:69,17
DA:72,17
DA:73,17
DA:74,17
DA:84,8
DA:89,8
DA:100,1
DA:105,1
DA:106,1
DA:116,1
DA:121,1
DA:122,1
DA:132,1
DA:138,1
DA:139,1
DA:149,1
DA:154,1
DA:155,1
DA:165,1
DA:170,1
DA:171,1
DA:182,1
DA:187,1
DA:188,1
DA:198,1
DA:203,1
DA:204,1
DA:214,1
DA:219,1
DA:220,1
DA:230,1
DA:235,1
DA:236,1
DA:246,1
DA:251,1
DA:252,1
DA:263,18
DA:265,18
DA:266,18
DA:267,18
DA:270,18
DA:271,18
DA:272,1
DA:274,18
DA:275,1
DA:279,18
DA:280,1
DA:281,1
DA:282,2
DA:287,18
DA:299,16
DA:300,14
DA:301,14
DA:302,13
DA:307,3
DA:309,2
DA:310,2
LF:63
LH:63
BRDA:65,0,0,0
BRDA:66,1,0,0
BRDA:67,2,0,0
BRDA:84,3,0,8
BRDA:84,3,1,8
BRDA:100,4,0,1
BRDA:100,4,1,1
BRDA:116,5,0,1
BRDA:116,5,1,1
BRDA:132,6,0,1
BRDA:132,6,1,1
BRDA:149,7,0,1
BRDA:149,7,1,1
BRDA:165,8,0,1
BRDA:165,8,1,1
BRDA:182,9,0,1
BRDA:182,9,1,1
BRDA:198,10,0,1
BRDA:198,10,1,1
BRDA:214,11,0,1
BRDA:214,11,1,1
BRDA:230,12,0,1
BRDA:230,12,1,1
BRDA:246,13,0,1
BRDA:246,13,1,1
BRDA:265,14,0,18
BRDA:265,14,1,18
BRDA:266,15,0,18
BRDA:266,15,1,18
BRDA:267,16,0,18
BRDA:267,16,1,18
BRDA:271,17,0,1
BRDA:274,18,0,1
BRDA:279,19,0,1
BRDA:299,20,0,14
BRDA:299,21,0,16
BRDA:299,21,1,15
BRDA:301,22,0,13
BRDA:301,23,0,14
BRDA:301,23,1,14
BRDA:301,23,2,14
BRDA:302,24,0,13
BRDA:302,24,1,0
BRDA:307,25,0,3
BRDA:307,25,1,2
BRF:45
BRH:41
end_of_record
TN:
SF:src/services/ai-provider/aws-bedrock-provider.ts
FN:88,(anonymous_0)
FN:114,(anonymous_1)
FN:130,(anonymous_2)
FN:146,(anonymous_3)
FN:162,(anonymous_4)
FN:179,(anonymous_5)
FN:195,(anonymous_6)
FN:212,(anonymous_7)
FN:228,(anonymous_8)
FN:244,(anonymous_9)
FN:260,(anonymous_10)
FN:276,(anonymous_11)
FN:293,(anonymous_12)
FN:331,(anonymous_13)
FN:338,(anonymous_14)
FN:347,(anonymous_15)
FN:356,(anonymous_16)
FNF:17
FNH:10
FNDA:19,(anonymous_0)
FNDA:13,(anonymous_1)
FNDA:1,(anonymous_2)
FNDA:1,(anonymous_3)
FNDA:1,(anonymous_4)
FNDA:0,(anonymous_5)
FNDA:0,(anonymous_6)
FNDA:0,(anonymous_7)
FNDA:0,(anonymous_8)
FNDA:0,(anonymous_9)
FNDA:0,(anonymous_10)
FNDA:0,(anonymous_11)
FNDA:16,(anonymous_12)
FNDA:7,(anonymous_13)
FNDA:1,(anonymous_14)
FNDA:1,(anonymous_15)
FNDA:1,(anonymous_16)
DA:2,2
DA:3,2
DA:9,2
DA:10,19
DA:11,19
DA:21,19
DA:96,19
DA:103,19
DA:104,19
DA:105,19
DA:115,13
DA:120,13
DA:131,1
DA:136,1
DA:137,1
DA:147,1
DA:152,1
DA:153,1
DA:163,1
DA:169,1
DA:170,1
DA:180,0
DA:185,0
DA:186,0
DA:196,0
DA:201,0
DA:202,0
DA:213,0
DA:218,0
DA:219,0
DA:229,0
DA:234,0
DA:235,0
DA:245,0
DA:250,0
DA:251,0
DA:261,0
DA:266,0
DA:267,0
DA:277,0
DA:282,0
DA:283,0
DA:294,16
DA:296,16
DA:297,16
DA:298,16
DA:301,16
DA:302,16
DA:303,1
DA:305,16
DA:306,1
DA:310,16
DA:311,1
DA:312,1
DA:313,2
DA:321,16
DA:322,11
DA:331,11
DA:332,5
DA:333,1
DA:338,1
DA:339,4
DA:340,1
DA:347,1
DA:348,3
DA:349,1
DA:356,1
DA:358,2
DA:362,14
DA:368,14
DA:371,12
DA:372,2
DA:375,10
DA:376,10
DA:378,6
DA:379,6
LF:76
LH:55
BRDA:91,0,0,0
BRDA:92,1,0,0
BRDA:93,2,0,0
BRDA:94,3,0,0
BRDA:115,4,0,13
BRDA:115,4,1,13
BRDA:131,5,0,1
BRDA:131,5,1,1
BRDA:147,6,0,1
BRDA:147,6,1,1
BRDA:163,7,0,1
BRDA:163,7,1,1
BRDA:180,8,0,0
BRDA:180,8,1,0
BRDA:196,9,0,0
BRDA:196,9,1,0
BRDA:213,10,0,0
BRDA:213,10,1,0
BRDA:229,11,0,0
BRDA:229,11,1,0
BRDA:245,12,0,0
BRDA:245,12,1,0
BRDA:261,13,0,0
BRDA:261,13,1,0
BRDA:277,14,0,0
BRDA:277,14,1,0
BRDA:296,15,0,16
BRDA:296,15,1,15
BRDA:297,16,0,16
BRDA:297,16,1,15
BRDA:298,17,0,16
BRDA:298,17,1,15
BRDA:302,18,0,1
BRDA:305,19,0,1
BRDA:310,20,0,1
BRDA:321,21,0,11
BRDA:321,21,1,5
BRDA:332,22,0,1
BRDA:332,22,1,4
BRDA:339,23,0,1
BRDA:339,23,1,3
BRDA:348,24,0,1
BRDA:348,24,1,2
BRDA:371,25,0,2
BRF:44
BRH:26
end_of_record
TN:
SF:src/services/ai-provider/openai-provider.ts
FN:64,(anonymous_0)
FN:86,(anonymous_1)
FN:102,(anonymous_2)
FN:118,(anonymous_3)
FN:134,(anonymous_4)
FN:151,(anonymous_5)
FN:167,(anonymous_6)
FN:184,(anonymous_7)
FN:200,(anonymous_8)
FN:216,(anonymous_9)
FN:232,(anonymous_10)
FN:248,(anonymous_11)
FN:265,(anonymous_12)
FNF:13
FNH:13
FNDA:15,(anonymous_0)
FNDA:4,(anonymous_1)
FNDA:1,(anonymous_2)
FNDA:1,(anonymous_3)
FNDA:1,(anonymous_4)
FNDA:1,(anonymous_5)
FNDA:1,(anonymous_6)
FNDA:1,(anonymous_7)
FNDA:1,(anonymous_8)
FNDA:1,(anonymous_9)
FNDA:1,(anonymous_10)
FNDA:1,(anonymous_11)
FNDA:14,(anonymous_12)
DA:1,2
DA:3,2
DA:8,2
DA:9,15
DA:10,15
DA:20,15
DA:71,15
DA:75,15
DA:76,15
DA:77,15
DA:87,4
DA:92,4
DA:103,1
DA:108,1
DA:109,1
DA:119,1
DA:124,1
DA:125,1
DA:135,1
DA:141,1
DA:142,1
DA:152,1
DA:157,1
DA:158,1
DA:168,1
DA:173,1
DA:174,1
DA:185,1
DA:190,1
DA:191,1
DA:201,1
DA:206,1
DA:207,1
DA:217,1
DA:222,1
DA:223,1
DA:233,1
DA:238,1
DA:239,1
DA:249,1
DA:254,1
DA:255,1
DA:266,14
DA:268,14
DA:269,14
DA:270,14
DA:273,14
DA:274,14
DA:275,1
DA:277,14
DA:278,1
DA:282,14
DA:283,0
DA:284,0
DA:285,0
DA:290,14
DA:301,12
DA:303,2
DA:304,2
LF:59
LH:56
BRDA:67,0,0,0
BRDA:68,1,0,0
BRDA:69,2,0,0
BRDA:87,3,0,4
BRDA:87,3,1,4
BRDA:103,4,0,1
BRDA:103,4,1,1
BRDA:119,5,0,1
BRDA:119,5,1,1
BRDA:135,6,0,1
BRDA:135,6,1,1
BRDA:152,7,0,1
BRDA:152,7,1,1
BRDA:168,8,0,1
BRDA:168,8,1,1
BRDA:185,9,0,1
BRDA:185,9,1,1
BRDA:201,10,0,1
BRDA:201,10,1,1
BRDA:217,11,0,1
BRDA:217,11,1,1
BRDA:233,12,0,1
BRDA:233,12,1,1
BRDA:249,13,0,1
BRDA:249,13,1,1
BRDA:268,14,0,14
BRDA:268,14,1,14
BRDA:269,15,0,14
BRDA:269,15,1,14
BRDA:270,16,0,14
BRDA:270,16,1,14
BRDA:274,17,0,1
BRDA:277,18,0,1
BRDA:282,19,0,0
BRDA:301,20,0,12
BRDA:301,20,1,0
BRF:36
BRH:31
end_of_record
TN:
SF:src/services/ai-provider/openrouter-provider.ts
FN:87,(anonymous_1)
FN:105,(anonymous_2)
FN:121,(anonymous_3)
FN:137,(anonymous_4)
FN:153,(anonymous_5)
FN:170,(anonymous_6)
FN:186,(anonymous_7)
FN:203,(anonymous_8)
FN:219,(anonymous_9)
FN:235,(anonymous_10)
FN:251,(anonymous_11)
FN:267,(anonymous_12)
FN:284,(anonymous_13)
FNF:13
FNH:13
FNDA:18,(anonymous_1)
FNDA:8,(anonymous_2)
FNDA:1,(anonymous_3)
FNDA:1,(anonymous_4)
FNDA:1,(anonymous_5)
FNDA:1,(anonymous_6)
FNDA:1,(anonymous_7)
FNDA:1,(anonymous_8)
FNDA:1,(anonymous_9)
FNDA:1,(anonymous_10)
FNDA:1,(anonymous_11)
FNDA:1,(anonymous_12)
FNDA:18,(anonymous_13)
DA:1,2
DA:3,2
DA:9,2
DA:10,18
DA:11,18
DA:17,18
DA:22,18
DA:93,18
DA:94,18
DA:95,18
DA:96,18
DA:106,8
DA:111,8
DA:122,1
DA:127,1
DA:128,1
DA:138,1
DA:143,1
DA:144,1
DA:154,1
DA:160,1
DA:161,1
DA:171,1
DA:176,1
DA:177,1
DA:187,1
DA:192,1
DA:193,1
DA:204,1
DA:209,1
DA:210,1
DA:220,1
DA:225,1
DA:226,1
DA:236,1
DA:241,1
DA:242,1
DA:252,1
DA:257,1
DA:258,1
DA:268,1
DA:273,1
DA:274,1
DA:285,18
DA:287,18
DA:288,18
DA:289,18
DA:292,18
DA:293,18
DA:294,1
DA:296,18
DA:297,1
DA:301,18
DA:302,1
DA:303,1
DA:304,2
DA:309,18
DA:329,16
DA:331,2
DA:332,2
LF:60
LH:60
BRDA:89,0,0,0
BRDA:90,1,0,0
BRDA:91,2,0,0
BRDA:106,3,0,8
BRDA:106,3,1,8
BRDA:122,4,0,1
BRDA:122,4,1,1
BRDA:138,5,0,1
BRDA:138,5,1,1
BRDA:154,6,0,1
BRDA:154,6,1,1
BRDA:171,7,0,1
BRDA:171,7,1,1
BRDA:187,8,0,1
BRDA:187,8,1,1
BRDA:204,9,0,1
BRDA:204,9,1,1
BRDA:220,10,0,1
BRDA:220,10,1,1
BRDA:236,11,0,1
BRDA:236,11,1,1
BRDA:252,12,0,1
BRDA:252,12,1,1
BRDA:268,13,0,1
BRDA:268,13,1,1
BRDA:287,14,0,18
BRDA:287,14,1,17
BRDA:288,15,0,18
BRDA:288,15,1,17
BRDA:289,16,0,18
BRDA:289,16,1,17
BRDA:293,17,0,1
BRDA:296,18,0,1
BRDA:301,19,0,1
BRDA:329,20,0,16
BRDA:329,20,1,2
BRF:36
BRH:33
end_of_record
TN:
SF:src/services/deploy/docker.service.ts
FN:19,(anonymous_1)
FN:95,(anonymous_2)
FN:105,(anonymous_3)
FN:191,(anonymous_4)
FN:195,(anonymous_5)
FN:196,(anonymous_6)
FN:217,(anonymous_7)
FN:220,(anonymous_8)
FN:246,(anonymous_9)
FN:255,(anonymous_10)
FN:271,(anonymous_11)
FN:317,(anonymous_12)
FNF:12
FNH:0
FNDA:0,(anonymous_1)
FNDA:0,(anonymous_2)
FNDA:0,(anonymous_3)
FNDA:0,(anonymous_4)
FNDA:0,(anonymous_5)
FNDA:0,(anonymous_6)
FNDA:0,(anonymous_7)
FNDA:0,(anonymous_8)
FNDA:0,(anonymous_9)
FNDA:0,(anonymous_10)
FNDA:0,(anonymous_11)
FNDA:0,(anonymous_12)
DA:1,0
DA:2,0
DA:3,0
DA:4,0
DA:5,0
DA:6,0
DA:7,0
DA:13,0
DA:20,0
DA:22,0
DA:30,0
DA:34,0
DA:35,0
DA:39,0
DA:44,0
DA:45,0
DA:48,0
DA:49,0
DA:50,0
DA:51,0
DA:52,0
DA:53,0
DA:58,0
DA:61,0
DA:62,0
DA:65,0
DA:66,0
DA:67,0
DA:68,0
DA:74,0
DA:76,0
DA:82,0
DA:83,0
DA:102,0
DA:104,0
DA:105,0
DA:106,0
DA:108,0
DA:111,0
DA:112,0
DA:113,0
DA:116,0
DA:117,0
DA:120,0
DA:121,0
DA:122,0
DA:125,0
DA:126,0
DA:129,0
DA:130,0
DA:131,0
DA:134,0
DA:144,0
DA:153,0
DA:158,0
DA:161,0
DA:170,0
DA:178,0
DA:195,0
DA:196,0
DA:197,0
DA:198,0
DA:199,0
DA:202,0
DA:203,0
DA:204,0
DA:207,0
DA:219,0
DA:220,0
DA:223,0
DA:224,0
DA:225,0
DA:228,0
DA:229,0
DA:233,0
DA:234,0
DA:238,0
DA:245,0
DA:246,0
DA:249,0
DA:250,0
DA:254,0
DA:255,0
DA:258,0
DA:259,0
DA:263,0
DA:272,0
DA:274,0
DA:285,0
DA:294,0
DA:304,0
DA:318,0
LF:92
LH:0
BRDA:34,0,0,0
BRDA:49,1,0,0
BRDA:197,2,0,0
BRDA:198,3,0,0
BRDA:199,4,0,0
BRDA:202,5,0,0
BRDA:220,6,0,0
BRDA:220,6,1,0
BRDA:223,7,0,0
BRDA:228,8,0,0
BRDA:233,9,0,0
BRDA:246,10,0,0
BRDA:246,10,1,0
BRDA:249,11,0,0
BRDA:255,12,0,0
BRDA:255,12,1,0
BRDA:258,13,0,0
BRDA:272,14,0,0
BRDA:272,14,1,0
BRDA:272,14,2,0
BRDA:272,14,3,0
BRDA:272,14,4,0
BRF:22
BRH:0
end_of_record
TN:
SF:src/services/github/github.service.ts
FN:20,(anonymous_1)
FN:66,(anonymous_2)
FN:102,(anonymous_3)
FN:196,(anonymous_4)
FN:229,(anonymous_5)
FN:258,(anonymous_6)
FNF:6
FNH:0
FNDA:0,(anonymous_1)
FNDA:0,(anonymous_2)
FNDA:0,(anonymous_3)
FNDA:0,(anonymous_4)
FNDA:0,(anonymous_5)
FNDA:0,(anonymous_6)
DA:1,0
DA:2,0
DA:3,0
DA:9,0
DA:10,0
DA:26,0
DA:27,0
DA:43,0
DA:52,0
DA:53,0
DA:73,0
DA:75,0
DA:85,0
DA:88,0
DA:98,0
DA:101,0
DA:104,0
DA:118,0
DA:128,0
DA:142,0
DA:145,0
DA:160,0
DA:163,0
DA:177,0
DA:183,0
DA:184,0
DA:202,0
DA:204,0
DA:208,0
DA:209,0
DA:213,0
DA:216,0
DA:224,0
DA:229,0
DA:235,0
DA:243,0
DA:248,0
DA:249,0
DA:259,0
DA:260,0
DA:267,0
DA:275,0
DA:276,0
LF:43
LH:0
BRDA:23,0,0,0
BRDA:24,1,0,0
BRDA:70,2,0,0
BRDA:71,3,0,0
BRDA:200,4,0,0
BRDA:208,5,0,0
BRDA:213,6,0,0
BRDA:213,6,1,0
BRDA:219,7,0,0
BRDA:219,7,1,0
BRDA:230,8,0,0
BRDA:230,8,1,0
BRF:12
BRH:0
end_of_record
TN:
SF:src/services/payment/stripe.service.ts
FN:9,(anonymous_1)
FN:17,(anonymous_2)
FN:28,(anonymous_3)
FN:41,(anonymous_4)
FN:56,(anonymous_5)
FN:139,(anonymous_6)
FN:218,(anonymous_7)
FN:252,(anonymous_8)
FN:283,(anonymous_9)
FN:325,(anonymous_10)
FN:387,(anonymous_11)
FNF:11
FNH:10
FNDA:2,(anonymous_1)
FNDA:19,(anonymous_2)
FNDA:29,(anonymous_3)
FNDA:18,(anonymous_4)
FNDA:0,(anonymous_5)
FNDA:3,(anonymous_6)
FNDA:3,(anonymous_7)
FNDA:3,(anonymous_8)
FNDA:3,(anonymous_9)
FNDA:3,(anonymous_10)
FNDA:2,(anonymous_11)
DA:1,1
DA:2,1
DA:3,1
DA:9,1
DA:11,2
DA:18,19
DA:19,1
DA:21,19
DA:29,29
DA:30,2
DA:32,27
DA:42,18
DA:43,2
DA:45,16
DA:62,0
DA:64,0
DA:68,0
DA:69,0
DA:73,0
DA:74,0
DA:78,0
DA:82,0
DA:84,0
DA:86,0
DA:118,0
DA:123,0
DA:124,0
DA:126,0
DA:127,0
DA:145,3
DA:167,3
DA:168,3
DA:169,0
DA:173,3
DA:174,3
DA:177,3
DA:200,1
DA:205,2
DA:206,0
DA:208,2
DA:209,2
DA:219,3
DA:222,3
DA:223,3
DA:224,0
DA:228,3
DA:229,3
DA:232,3
DA:234,1
DA:242,2
DA:243,2
DA:253,3
DA:256,3
DA:257,3
DA:258,0
DA:262,3
DA:263,3
DA:266,3
DA:268,1
DA:270,2
DA:271,2
DA:289,3
DA:292,3
DA:293,3
DA:294,0
DA:298,3
DA:299,3
DA:302,3
DA:311,1
DA:313,2
DA:314,2
DA:330,3
DA:333,3
DA:334,3
DA:335,0
DA:339,3
DA:340,3
DA:344,3
DA:345,3
DA:347,2
DA:351,1
DA:354,1
DA:356,1
DA:359,0
DA:361,0
DA:364,0
DA:366,0
DA:370,1
DA:372,2
DA:373,2
DA:375,0
DA:376,0
DA:393,2
DA:395,2
DA:397,2
DA:398,2
DA:399,1
DA:501,1
DA:558,1
DA:559,1
DA:680,1
DA:738,0
DA:740,0
DA:798,0
DA:901,2
LF:105
LH:75
BRDA:18,0,0,1
BRDA:29,1,0,2
BRDA:42,2,0,2
BRDA:68,3,0,0
BRDA:73,4,0,0
BRDA:123,5,0,0
BRDA:142,6,0,2
BRDA:143,7,0,2
BRDA:167,8,0,3
BRDA:167,8,1,0
BRDA:168,9,0,0
BRDA:205,10,0,0
BRDA:222,11,0,3
BRDA:222,11,1,0
BRDA:223,12,0,0
BRDA:256,13,0,3
BRDA:256,13,1,0
BRDA:257,14,0,0
BRDA:287,15,0,2
BRDA:292,16,0,3
BRDA:292,16,1,0
BRDA:293,17,0,0
BRDA:333,18,0,3
BRDA:333,18,1,0
BRDA:334,19,0,0
BRDA:351,20,0,1
BRDA:351,20,1,0
BRDA:351,20,2,0
BRDA:372,21,0,2
BRDA:389,22,0,0
BRDA:390,23,0,0
BRDA:397,24,0,2
BRDA:397,24,1,0
BRDA:397,25,0,2
BRDA:397,25,1,0
BRDA:398,26,0,1
BRDA:398,26,1,1
BRDA:558,27,0,1
BRDA:738,28,0,0
BRF:39
BRH:18
end_of_record
TN:
SF:src/services/template/template.service.ts
FN:28,(anonymous_1)
FN:111,(anonymous_2)
FN:113,(anonymous_3)
FN:195,(anonymous_4)
FN:204,(anonymous_5)
FN:260,(anonymous_6)
FNF:6
FNH:0
FNDA:0,(anonymous_1)
FNDA:0,(anonymous_2)
FNDA:0,(anonymous_3)
FNDA:0,(anonymous_4)
FNDA:0,(anonymous_5)
FNDA:0,(anonymous_6)
DA:2,0
DA:3,0
DA:4,0
DA:10,0
DA:12,0
DA:30,0
DA:112,0
DA:113,0
DA:115,0
DA:116,0
DA:120,0
DA:128,0
DA:130,0
DA:136,0
DA:145,0
DA:152,0
DA:155,0
DA:161,0
DA:171,0
DA:179,0
DA:184,0
DA:201,0
DA:203,0
DA:204,0
DA:206,0
DA:207,0
DA:211,0
DA:221,0
DA:224,0
DA:235,0
DA:236,0
DA:248,0
DA:250,0
DA:251,0
DA:263,0
DA:265,0
DA:267,0
DA:493,0
DA:497,0
DA:827,0
DA:832,0
LF:41
LH:0
BRDA:115,0,0,0
BRDA:128,1,0,0
BRDA:128,1,1,0
BRDA:206,2,0,0
BRDA:265,3,0,0
BRDA:265,3,1,0
BRF:6
BRH:0
end_of_record
